#! /usr/bin/vvp
:ivl_version "10.1 (stable)";
:ivl_delay_selection "TYPICAL";
:vpi_time_precision - 11;
:vpi_module "system";
:vpi_module "vhdl_sys";
:vpi_module "v2005_math";
:vpi_module "va_math";
S_0x5652cda72200 .scope module, "multiplicador_tb" "multiplicador_tb" 2 2;
 .timescale -9 -11;
P_0x5652cda80150 .param/l "MAX_RANGE" 0 2 6, +C4<000000000000000000000000000000011>;
P_0x5652cda80190 .param/l "MIN_RANGE" 0 2 7, +C4<11111111111111111111111111111100>;
P_0x5652cda801d0 .param/l "NUM_BITS" 0 2 4, +C4<00000000000000000000000000000011>;
P_0x5652cda80210 .param/l "NUM_TESTS" 0 2 5, +C4<00000000000000000000000001000000>;
v0x5652cdab92b0_0 .net "Fin", 0 0, L_0x5652cdacd9b0;  1 drivers
v0x5652cdab9370_0 .var "clk", 0 0;
v0x5652cdab9430_0 .var/i "contador", 31 0;
v0x5652cdab94d0_0 .var/s "multiplicador", 2 0;
v0x5652cdab95e0_0 .var/s "multiplicando", 2 0;
v0x5652cdab96f0_0 .net "resultado", 5 0, L_0x5652cdad32b0;  1 drivers
v0x5652cdab97b0_0 .var/s "resultado_esperado", 5 0;
v0x5652cdab9870_0 .var "start", 0 0;
E_0x5652cd9ffb10 .event posedge, v0x5652cdab3300_0;
S_0x5652cda7f8a0 .scope module, "mult" "multiplicador" 2 26, 3 1 0, S_0x5652cda72200;
 .timescale 0 0;
    .port_info 0 /INPUT 3 "Q1"
    .port_info 1 /INPUT 3 "M1"
    .port_info 2 /INPUT 1 "clk"
    .port_info 3 /INPUT 1 "reset"
    .port_info 4 /OUTPUT 6 "resultado"
    .port_info 5 /OUTPUT 1 "fin"
v0x5652cdab8290_0 .net "M1", 2 0, v0x5652cdab94d0_0;  1 drivers
v0x5652cdab8370_0 .net "Q1", 2 0, v0x5652cdab95e0_0;  1 drivers
v0x5652cdab8460_0 .net *"_s1", 0 0, L_0x5652cdad2eb0;  1 drivers
v0x5652cdab8520_0 .net *"_s11", 0 0, L_0x5652cdad31d0;  1 drivers
v0x5652cdab8600_0 .net *"_s3", 0 0, L_0x5652cdad2f50;  1 drivers
v0x5652cdab8730_0 .net *"_s5", 0 0, L_0x5652cdad2ff0;  1 drivers
v0x5652cdab8810_0 .net *"_s7", 0 0, L_0x5652cdad3090;  1 drivers
v0x5652cdab88f0_0 .net *"_s9", 0 0, L_0x5652cdad3130;  1 drivers
v0x5652cdab89d0_0 .net "carga_A", 0 0, L_0x5652cdacc900;  1 drivers
v0x5652cdab8a70_0 .net "carga_M", 0 0, L_0x5652cdaba030;  1 drivers
v0x5652cdab8b10_0 .net "carga_Q", 0 0, L_0x5652cdab9bf0;  1 drivers
v0x5652cdab8bb0_0 .net "clk", 0 0, v0x5652cdab9370_0;  1 drivers
v0x5652cdab8c50_0 .net "desplazaAQ", 0 0, L_0x5652cdabab80;  1 drivers
v0x5652cdab8cf0_0 .net "fin", 0 0, L_0x5652cdacd9b0;  alias, 1 drivers
v0x5652cdab8d90_0 .net "q_1", 0 0, v0x5652cdaaf8a0_0;  1 drivers
v0x5652cdab8e30_0 .net "reset", 0 0, v0x5652cdab9870_0;  1 drivers
v0x5652cdab8ed0_0 .net "resultado", 5 0, L_0x5652cdad32b0;  alias, 1 drivers
v0x5652cdab8f90_0 .net "salidaA", 3 0, L_0x5652cdaceed0;  1 drivers
v0x5652cdab9050_0 .net "salidaq", 2 0, L_0x5652cdad1c20;  1 drivers
v0x5652cdab9110_0 .net "suma", 0 0, L_0x5652cdacd510;  1 drivers
L_0x5652cdad2eb0 .part L_0x5652cdaceed0, 2, 1;
L_0x5652cdad2f50 .part L_0x5652cdaceed0, 1, 1;
L_0x5652cdad2ff0 .part L_0x5652cdaceed0, 0, 1;
L_0x5652cdad3090 .part L_0x5652cdad1c20, 2, 1;
L_0x5652cdad3130 .part L_0x5652cdad1c20, 1, 1;
L_0x5652cdad31d0 .part L_0x5652cdad1c20, 0, 1;
LS_0x5652cdad32b0_0_0 .concat [ 1 1 1 1], L_0x5652cdad31d0, L_0x5652cdad3130, L_0x5652cdad3090, L_0x5652cdad2ff0;
LS_0x5652cdad32b0_0_4 .concat [ 1 1 0 0], L_0x5652cdad2f50, L_0x5652cdad2eb0;
L_0x5652cdad32b0 .concat [ 4 2 0 0], LS_0x5652cdad32b0_0_0, LS_0x5652cdad32b0_0_4;
S_0x5652cda78d30 .scope module, "cd1" "cd" 3 12, 4 2 0, S_0x5652cda7f8a0;
 .timescale 0 0;
    .port_info 0 /INPUT 3 "M1"
    .port_info 1 /INPUT 3 "Q1"
    .port_info 2 /OUTPUT 3 "salida_Q"
    .port_info 3 /OUTPUT 4 "salida_A"
    .port_info 4 /INPUT 1 "carga_M"
    .port_info 5 /INPUT 1 "carga_Q"
    .port_info 6 /INPUT 1 "carga_A"
    .port_info 7 /INPUT 1 "desplaza_A"
    .port_info 8 /INPUT 1 "desplaza_Q"
    .port_info 9 /INPUT 1 "clk"
    .port_info 10 /INPUT 1 "reset"
    .port_info 11 /INPUT 1 "reset_A"
    .port_info 12 /INPUT 1 "carga_q0"
    .port_info 13 /INPUT 1 "suma"
    .port_info 14 /OUTPUT 1 "q_1"
L_0x5652cdacdaa0 .functor OR 1, L_0x5652cdab9bf0, L_0x5652cdabab80, C4<0>, C4<0>;
v0x5652cdab13e0_0 .net "M1", 2 0, v0x5652cdab94d0_0;  alias, 1 drivers
v0x5652cdab14e0_0 .net "Q1", 2 0, v0x5652cdab95e0_0;  alias, 1 drivers
L_0x7f4e4caa6a80 .functor BUFT 1, C4<00000000000000000000000000000000>, C4<0>, C4<0>, C4<0>;
v0x5652cdab15a0_0 .net/2s *"_s12", 31 0, L_0x7f4e4caa6a80;  1 drivers
v0x5652cdab1670_0 .net *"_s5", 0 0, L_0x5652cdad0860;  1 drivers
L_0x7f4e4caa6a38 .functor BUFT 1, C4<00000000000000000000000000000000>, C4<0>, C4<0>, C4<0>;
v0x5652cdab1750_0 .net/2s *"_s8", 31 0, L_0x7f4e4caa6a38;  1 drivers
v0x5652cdab1830_0 .net "carga_A", 0 0, L_0x5652cdacc900;  alias, 1 drivers
v0x5652cdab18d0_0 .net "carga_M", 0 0, L_0x5652cdaba030;  alias, 1 drivers
v0x5652cdab1970_0 .net "carga_Q", 0 0, L_0x5652cdab9bf0;  alias, 1 drivers
v0x5652cdab1a10_0 .net "carga_q0", 0 0, L_0x5652cdab9bf0;  alias, 1 drivers
v0x5652cdab1bc0_0 .net "carga_qminus1", 0 0, L_0x5652cdacdaa0;  1 drivers
v0x5652cdab1c60_0 .net "clk", 0 0, v0x5652cdab9370_0;  alias, 1 drivers
v0x5652cdab1d00_0 .net "desplaza_A", 0 0, L_0x5652cdabab80;  alias, 1 drivers
v0x5652cdab1da0_0 .net "desplaza_Q", 0 0, L_0x5652cdabab80;  alias, 1 drivers
v0x5652cdab1e40_0 .net "q_1", 0 0, v0x5652cdaaf8a0_0;  alias, 1 drivers
v0x5652cdab1ee0_0 .net "reset", 0 0, v0x5652cdab9870_0;  alias, 1 drivers
v0x5652cdab1f80_0 .net "reset_A", 0 0, v0x5652cdab9870_0;  alias, 1 drivers
v0x5652cdab2020_0 .net "salida_A", 3 0, L_0x5652cdaceed0;  alias, 1 drivers
v0x5652cdab2220_0 .net "salida_M", 3 0, L_0x5652cdad0680;  1 drivers
v0x5652cdab2310_0 .net "salida_Q", 2 0, L_0x5652cdad1c20;  alias, 1 drivers
v0x5652cdab23d0_0 .net "salida_Sum", 3 0, L_0x5652cdad2010;  1 drivers
v0x5652cdab24c0_0 .net "suma", 0 0, L_0x5652cdacd510;  alias, 1 drivers
L_0x5652cdacf100 .part L_0x5652cdaceed0, 3, 1;
L_0x5652cdad0860 .part v0x5652cdab94d0_0, 2, 1;
L_0x5652cdad0900 .concat [ 3 1 0 0], v0x5652cdab94d0_0, L_0x5652cdad0860;
L_0x5652cdad0a30 .part L_0x7f4e4caa6a38, 0, 1;
L_0x5652cdad0b60 .part L_0x7f4e4caa6a80, 0, 1;
L_0x5652cdad1df0 .part L_0x5652cdaceed0, 0, 1;
L_0x5652cdad1ed0 .part L_0x5652cdad1c20, 0, 1;
S_0x5652cda75f20 .scope module, "A" "registro4" 4 6, 5 7 0, S_0x5652cda78d30;
 .timescale -9 -11;
    .port_info 0 /INPUT 4 "entrada"
    .port_info 1 /INPUT 1 "bit_en_desp"
    .port_info 2 /INPUT 1 "Carga"
    .port_info 3 /INPUT 1 "Desplaza"
    .port_info 4 /INPUT 1 "clk"
    .port_info 5 /INPUT 1 "reset"
    .port_info 6 /OUTPUT 4 "salida"
L_0x5652cdacdb60 .functor OR 1, L_0x5652cdacc900, L_0x5652cdabab80, C4<0>, C4<0>;
v0x5652cdaa2420_0 .net "Carga", 0 0, L_0x5652cdacc900;  alias, 1 drivers
v0x5652cdaa24e0_0 .net "Desplaza", 0 0, L_0x5652cdabab80;  alias, 1 drivers
v0x5652cdaa25a0_0 .net "bit_en_desp", 0 0, L_0x5652cdacf100;  1 drivers
v0x5652cdaa26c0_0 .net "clk", 0 0, v0x5652cdab9370_0;  alias, 1 drivers
v0x5652cdaa2760_0 .net "enable", 0 0, L_0x5652cdacdb60;  1 drivers
v0x5652cdaa2960_0 .net "entrada", 3 0, L_0x5652cdad2010;  alias, 1 drivers
v0x5652cdaa2a20_0 .net "reset", 0 0, v0x5652cdab9870_0;  alias, 1 drivers
v0x5652cdaa2bd0_0 .net "salida", 3 0, L_0x5652cdaceed0;  alias, 1 drivers
L_0x5652cdacdf20 .part L_0x5652cdad2010, 0, 1;
L_0x5652cdacdfc0 .part L_0x5652cdaceed0, 1, 1;
L_0x5652cdace570 .part L_0x5652cdad2010, 1, 1;
L_0x5652cdace610 .part L_0x5652cdaceed0, 2, 1;
L_0x5652cdace9b0 .part L_0x5652cdad2010, 2, 1;
L_0x5652cdacea50 .part L_0x5652cdaceed0, 3, 1;
L_0x5652cdacee30 .part L_0x5652cdad2010, 3, 1;
L_0x5652cdaceed0 .concat8 [ 1 1 1 1], v0x5652cda678a0_0, v0x5652cda9e130_0, v0x5652cda9fa30_0, v0x5652cdaa1380_0;
S_0x5652cda77ae0 .scope module, "ff0" "cdaff" 5 12, 5 32 0, S_0x5652cda75f20;
 .timescale -9 -11;
    .port_info 0 /INPUT 1 "selc_d"
    .port_info 1 /INPUT 1 "inp_c"
    .port_info 2 /INPUT 1 "inp_d"
    .port_info 3 /INPUT 1 "clk"
    .port_info 4 /INPUT 1 "reset"
    .port_info 5 /INPUT 1 "carga"
    .port_info 6 /OUTPUT 1 "salida"
v0x5652cda9d2b0_0 .net "carga", 0 0, L_0x5652cdacdb60;  alias, 1 drivers
v0x5652cda9d370_0 .net "clk", 0 0, v0x5652cdab9370_0;  alias, 1 drivers
v0x5652cda9d410_0 .net "inp", 0 0, L_0x5652cdacde10;  1 drivers
v0x5652cda9d500_0 .net "inp_c", 0 0, L_0x5652cdacdf20;  1 drivers
v0x5652cda9d5a0_0 .net "inp_d", 0 0, L_0x5652cdacdfc0;  1 drivers
v0x5652cda9d690_0 .net "reset", 0 0, v0x5652cdab9870_0;  alias, 1 drivers
v0x5652cda9d730_0 .net "salida", 0 0, v0x5652cda678a0_0;  1 drivers
v0x5652cda9d7d0_0 .net "selc_d", 0 0, L_0x5652cdacc900;  alias, 1 drivers
S_0x5652cda76310 .scope module, "ff0" "ffdc" 5 35, 5 50 0, S_0x5652cda77ae0;
 .timescale -9 -11;
    .port_info 0 /INPUT 1 "clk"
    .port_info 1 /INPUT 1 "reset"
    .port_info 2 /INPUT 1 "carga"
    .port_info 3 /INPUT 1 "d"
    .port_info 4 /OUTPUT 1 "q"
P_0x5652cda70560 .param/l "retardo" 0 5 50, +C4<00000000000000000000000000000000>;
v0x5652cda693c0_0 .net "carga", 0 0, L_0x5652cdacdb60;  alias, 1 drivers
v0x5652cda69460_0 .net "clk", 0 0, v0x5652cdab9370_0;  alias, 1 drivers
v0x5652cda67800_0 .net "d", 0 0, L_0x5652cdacde10;  alias, 1 drivers
v0x5652cda678a0_0 .var "q", 0 0;
v0x5652cda65c10_0 .net "reset", 0 0, v0x5652cdab9870_0;  alias, 1 drivers
E_0x5652cda820c0 .event posedge, v0x5652cda65c10_0, v0x5652cda69460_0;
S_0x5652cda9cbb0 .scope module, "mux0" "mux2_1_i1" 5 36, 5 40 0, S_0x5652cda77ae0;
 .timescale -9 -11;
    .port_info 0 /OUTPUT 1 "out"
    .port_info 1 /INPUT 1 "a"
    .port_info 2 /INPUT 1 "b"
    .port_info 3 /INPUT 1 "s"
L_0x5652cdacdbd0 .functor NOT 1, L_0x5652cdacc900, C4<0>, C4<0>, C4<0>;
L_0x5652cdacdc40 .functor AND 1, L_0x5652cdacdfc0, L_0x5652cdacdbd0, C4<1>, C4<1>;
L_0x5652cdacdd50 .functor AND 1, L_0x5652cdacdf20, L_0x5652cdacc900, C4<1>, C4<1>;
L_0x5652cdacde10 .functor OR 1, L_0x5652cdacdc40, L_0x5652cdacdd50, C4<0>, C4<0>;
v0x5652cda65ce0_0 .net "a", 0 0, L_0x5652cdacdfc0;  alias, 1 drivers
v0x5652cda9cdc0_0 .net "b", 0 0, L_0x5652cdacdf20;  alias, 1 drivers
v0x5652cda9ce80_0 .net "out", 0 0, L_0x5652cdacde10;  alias, 1 drivers
v0x5652cda9cf20_0 .net "s", 0 0, L_0x5652cdacc900;  alias, 1 drivers
v0x5652cda9cfc0_0 .net "s_n", 0 0, L_0x5652cdacdbd0;  1 drivers
v0x5652cda9d0b0_0 .net "sa", 0 0, L_0x5652cdacdc40;  1 drivers
v0x5652cda9d170_0 .net "sb", 0 0, L_0x5652cdacdd50;  1 drivers
S_0x5652cda9d8a0 .scope module, "ff1" "cdaff" 5 13, 5 32 0, S_0x5652cda75f20;
 .timescale -9 -11;
    .port_info 0 /INPUT 1 "selc_d"
    .port_info 1 /INPUT 1 "inp_c"
    .port_info 2 /INPUT 1 "inp_d"
    .port_info 3 /INPUT 1 "clk"
    .port_info 4 /INPUT 1 "reset"
    .port_info 5 /INPUT 1 "carga"
    .port_info 6 /OUTPUT 1 "salida"
v0x5652cda9eb80_0 .net "carga", 0 0, L_0x5652cdacdb60;  alias, 1 drivers
v0x5652cda9ec40_0 .net "clk", 0 0, v0x5652cdab9370_0;  alias, 1 drivers
v0x5652cda9ed00_0 .net "inp", 0 0, L_0x5652cdace460;  1 drivers
v0x5652cda9edf0_0 .net "inp_c", 0 0, L_0x5652cdace570;  1 drivers
v0x5652cda9ee90_0 .net "inp_d", 0 0, L_0x5652cdace610;  1 drivers
v0x5652cda9ef80_0 .net "reset", 0 0, v0x5652cdab9870_0;  alias, 1 drivers
v0x5652cda9f020_0 .net "salida", 0 0, v0x5652cda9e130_0;  1 drivers
v0x5652cda9f0c0_0 .net "selc_d", 0 0, L_0x5652cdacc900;  alias, 1 drivers
S_0x5652cda9db20 .scope module, "ff0" "ffdc" 5 35, 5 50 0, S_0x5652cda9d8a0;
 .timescale -9 -11;
    .port_info 0 /INPUT 1 "clk"
    .port_info 1 /INPUT 1 "reset"
    .port_info 2 /INPUT 1 "carga"
    .port_info 3 /INPUT 1 "d"
    .port_info 4 /OUTPUT 1 "q"
P_0x5652cda9dcf0 .param/l "retardo" 0 5 50, +C4<00000000000000000000000000000000>;
v0x5652cda9de70_0 .net "carga", 0 0, L_0x5652cdacdb60;  alias, 1 drivers
v0x5652cda9df80_0 .net "clk", 0 0, v0x5652cdab9370_0;  alias, 1 drivers
v0x5652cda9e090_0 .net "d", 0 0, L_0x5652cdace460;  alias, 1 drivers
v0x5652cda9e130_0 .var "q", 0 0;
v0x5652cda9e1d0_0 .net "reset", 0 0, v0x5652cdab9870_0;  alias, 1 drivers
S_0x5652cda9e3b0 .scope module, "mux0" "mux2_1_i1" 5 36, 5 40 0, S_0x5652cda9d8a0;
 .timescale -9 -11;
    .port_info 0 /OUTPUT 1 "out"
    .port_info 1 /INPUT 1 "a"
    .port_info 2 /INPUT 1 "b"
    .port_info 3 /INPUT 1 "s"
L_0x5652cdace060 .functor NOT 1, L_0x5652cdacc900, C4<0>, C4<0>, C4<0>;
L_0x5652cdace2e0 .functor AND 1, L_0x5652cdace610, L_0x5652cdace060, C4<1>, C4<1>;
L_0x5652cdace3a0 .functor AND 1, L_0x5652cdace570, L_0x5652cdacc900, C4<1>, C4<1>;
L_0x5652cdace460 .functor OR 1, L_0x5652cdace2e0, L_0x5652cdace3a0, C4<0>, C4<0>;
v0x5652cda9e5a0_0 .net "a", 0 0, L_0x5652cdace610;  alias, 1 drivers
v0x5652cda9e660_0 .net "b", 0 0, L_0x5652cdace570;  alias, 1 drivers
v0x5652cda9e720_0 .net "out", 0 0, L_0x5652cdace460;  alias, 1 drivers
v0x5652cda9e7c0_0 .net "s", 0 0, L_0x5652cdacc900;  alias, 1 drivers
v0x5652cda9e8b0_0 .net "s_n", 0 0, L_0x5652cdace060;  1 drivers
v0x5652cda9e9a0_0 .net "sa", 0 0, L_0x5652cdace2e0;  1 drivers
v0x5652cda9ea40_0 .net "sb", 0 0, L_0x5652cdace3a0;  1 drivers
S_0x5652cda9f1e0 .scope module, "ff2" "cdaff" 5 14, 5 32 0, S_0x5652cda75f20;
 .timescale -9 -11;
    .port_info 0 /INPUT 1 "selc_d"
    .port_info 1 /INPUT 1 "inp_c"
    .port_info 2 /INPUT 1 "inp_d"
    .port_info 3 /INPUT 1 "clk"
    .port_info 4 /INPUT 1 "reset"
    .port_info 5 /INPUT 1 "carga"
    .port_info 6 /OUTPUT 1 "salida"
v0x5652cdaa0470_0 .net "carga", 0 0, L_0x5652cdacdb60;  alias, 1 drivers
v0x5652cdaa0530_0 .net "clk", 0 0, v0x5652cdab9370_0;  alias, 1 drivers
v0x5652cdaa05f0_0 .net "inp", 0 0, L_0x5652cdace8a0;  1 drivers
v0x5652cdaa0690_0 .net "inp_c", 0 0, L_0x5652cdace9b0;  1 drivers
v0x5652cdaa0730_0 .net "inp_d", 0 0, L_0x5652cdacea50;  1 drivers
v0x5652cdaa0820_0 .net "reset", 0 0, v0x5652cdab9870_0;  alias, 1 drivers
v0x5652cdaa08c0_0 .net "salida", 0 0, v0x5652cda9fa30_0;  1 drivers
v0x5652cdaa0990_0 .net "selc_d", 0 0, L_0x5652cdacc900;  alias, 1 drivers
S_0x5652cda9f490 .scope module, "ff0" "ffdc" 5 35, 5 50 0, S_0x5652cda9f1e0;
 .timescale -9 -11;
    .port_info 0 /INPUT 1 "clk"
    .port_info 1 /INPUT 1 "reset"
    .port_info 2 /INPUT 1 "carga"
    .port_info 3 /INPUT 1 "d"
    .port_info 4 /OUTPUT 1 "q"
P_0x5652cda9f660 .param/l "retardo" 0 5 50, +C4<00000000000000000000000000000000>;
v0x5652cda9f7e0_0 .net "carga", 0 0, L_0x5652cdacdb60;  alias, 1 drivers
v0x5652cda9f8a0_0 .net "clk", 0 0, v0x5652cdab9370_0;  alias, 1 drivers
v0x5652cda9f960_0 .net "d", 0 0, L_0x5652cdace8a0;  alias, 1 drivers
v0x5652cda9fa30_0 .var "q", 0 0;
v0x5652cda9fad0_0 .net "reset", 0 0, v0x5652cdab9870_0;  alias, 1 drivers
S_0x5652cda9fca0 .scope module, "mux0" "mux2_1_i1" 5 36, 5 40 0, S_0x5652cda9f1e0;
 .timescale -9 -11;
    .port_info 0 /OUTPUT 1 "out"
    .port_info 1 /INPUT 1 "a"
    .port_info 2 /INPUT 1 "b"
    .port_info 3 /INPUT 1 "s"
L_0x5652cdace6b0 .functor NOT 1, L_0x5652cdacc900, C4<0>, C4<0>, C4<0>;
L_0x5652cdace720 .functor AND 1, L_0x5652cdacea50, L_0x5652cdace6b0, C4<1>, C4<1>;
L_0x5652cdace7e0 .functor AND 1, L_0x5652cdace9b0, L_0x5652cdacc900, C4<1>, C4<1>;
L_0x5652cdace8a0 .functor OR 1, L_0x5652cdace720, L_0x5652cdace7e0, C4<0>, C4<0>;
v0x5652cda9fe40_0 .net "a", 0 0, L_0x5652cdacea50;  alias, 1 drivers
v0x5652cda9ff00_0 .net "b", 0 0, L_0x5652cdace9b0;  alias, 1 drivers
v0x5652cda9ffc0_0 .net "out", 0 0, L_0x5652cdace8a0;  alias, 1 drivers
v0x5652cdaa00c0_0 .net "s", 0 0, L_0x5652cdacc900;  alias, 1 drivers
v0x5652cdaa01f0_0 .net "s_n", 0 0, L_0x5652cdace6b0;  1 drivers
v0x5652cdaa0290_0 .net "sa", 0 0, L_0x5652cdace720;  1 drivers
v0x5652cdaa0330_0 .net "sb", 0 0, L_0x5652cdace7e0;  1 drivers
S_0x5652cdaa0ab0 .scope module, "ff3" "cdaff" 5 15, 5 32 0, S_0x5652cda75f20;
 .timescale -9 -11;
    .port_info 0 /INPUT 1 "selc_d"
    .port_info 1 /INPUT 1 "inp_c"
    .port_info 2 /INPUT 1 "inp_d"
    .port_info 3 /INPUT 1 "clk"
    .port_info 4 /INPUT 1 "reset"
    .port_info 5 /INPUT 1 "carga"
    .port_info 6 /OUTPUT 1 "salida"
v0x5652cdaa1d90_0 .net "carga", 0 0, L_0x5652cdacdb60;  alias, 1 drivers
v0x5652cdaa1e50_0 .net "clk", 0 0, v0x5652cdab9370_0;  alias, 1 drivers
v0x5652cdaa1f10_0 .net "inp", 0 0, L_0x5652cdaced20;  1 drivers
v0x5652cdaa2000_0 .net "inp_c", 0 0, L_0x5652cdacee30;  1 drivers
v0x5652cdaa20a0_0 .net "inp_d", 0 0, L_0x5652cdacf100;  alias, 1 drivers
v0x5652cdaa2190_0 .net "reset", 0 0, v0x5652cdab9870_0;  alias, 1 drivers
v0x5652cdaa2230_0 .net "salida", 0 0, v0x5652cdaa1380_0;  1 drivers
v0x5652cdaa2300_0 .net "selc_d", 0 0, L_0x5652cdacc900;  alias, 1 drivers
S_0x5652cdaa0d30 .scope module, "ff0" "ffdc" 5 35, 5 50 0, S_0x5652cdaa0ab0;
 .timescale -9 -11;
    .port_info 0 /INPUT 1 "clk"
    .port_info 1 /INPUT 1 "reset"
    .port_info 2 /INPUT 1 "carga"
    .port_info 3 /INPUT 1 "d"
    .port_info 4 /OUTPUT 1 "q"
P_0x5652cdaa0f20 .param/l "retardo" 0 5 50, +C4<00000000000000000000000000000000>;
v0x5652cdaa1130_0 .net "carga", 0 0, L_0x5652cdacdb60;  alias, 1 drivers
v0x5652cdaa11f0_0 .net "clk", 0 0, v0x5652cdab9370_0;  alias, 1 drivers
v0x5652cdaa12b0_0 .net "d", 0 0, L_0x5652cdaced20;  alias, 1 drivers
v0x5652cdaa1380_0 .var "q", 0 0;
v0x5652cdaa1420_0 .net "reset", 0 0, v0x5652cdab9870_0;  alias, 1 drivers
S_0x5652cdaa15b0 .scope module, "mux0" "mux2_1_i1" 5 36, 5 40 0, S_0x5652cdaa0ab0;
 .timescale -9 -11;
    .port_info 0 /OUTPUT 1 "out"
    .port_info 1 /INPUT 1 "a"
    .port_info 2 /INPUT 1 "b"
    .port_info 3 /INPUT 1 "s"
L_0x5652cdaceb30 .functor NOT 1, L_0x5652cdacc900, C4<0>, C4<0>, C4<0>;
L_0x5652cdaceba0 .functor AND 1, L_0x5652cdacf100, L_0x5652cdaceb30, C4<1>, C4<1>;
L_0x5652cdacec60 .functor AND 1, L_0x5652cdacee30, L_0x5652cdacc900, C4<1>, C4<1>;
L_0x5652cdaced20 .functor OR 1, L_0x5652cdaceba0, L_0x5652cdacec60, C4<0>, C4<0>;
v0x5652cdaa17a0_0 .net "a", 0 0, L_0x5652cdacf100;  alias, 1 drivers
v0x5652cdaa1860_0 .net "b", 0 0, L_0x5652cdacee30;  alias, 1 drivers
v0x5652cdaa1920_0 .net "out", 0 0, L_0x5652cdaced20;  alias, 1 drivers
v0x5652cdaa1a20_0 .net "s", 0 0, L_0x5652cdacc900;  alias, 1 drivers
v0x5652cdaa1ac0_0 .net "s_n", 0 0, L_0x5652cdaceb30;  1 drivers
v0x5652cdaa1bb0_0 .net "sa", 0 0, L_0x5652cdaceba0;  1 drivers
v0x5652cdaa1c50_0 .net "sb", 0 0, L_0x5652cdacec60;  1 drivers
S_0x5652cdaa2d90 .scope module, "M" "registro4" 4 7, 5 7 0, S_0x5652cda78d30;
 .timescale -9 -11;
    .port_info 0 /INPUT 4 "entrada"
    .port_info 1 /INPUT 1 "bit_en_desp"
    .port_info 2 /INPUT 1 "Carga"
    .port_info 3 /INPUT 1 "Desplaza"
    .port_info 4 /INPUT 1 "clk"
    .port_info 5 /INPUT 1 "reset"
    .port_info 6 /OUTPUT 4 "salida"
L_0x5652cdacf230 .functor OR 1, L_0x5652cdaba030, L_0x5652cdad0b60, C4<0>, C4<0>;
v0x5652cdaa9620_0 .net "Carga", 0 0, L_0x5652cdaba030;  alias, 1 drivers
v0x5652cdaa96e0_0 .net "Desplaza", 0 0, L_0x5652cdad0b60;  1 drivers
v0x5652cdaa97a0_0 .net "bit_en_desp", 0 0, L_0x5652cdad0a30;  1 drivers
v0x5652cdaa98c0_0 .net "clk", 0 0, v0x5652cdab9370_0;  alias, 1 drivers
v0x5652cdaa9960_0 .net "enable", 0 0, L_0x5652cdacf230;  1 drivers
v0x5652cdaa9a50_0 .net "entrada", 3 0, L_0x5652cdad0900;  1 drivers
v0x5652cdaa9b10_0 .net "reset", 0 0, v0x5652cdab9870_0;  alias, 1 drivers
v0x5652cdaa9bb0_0 .net "salida", 3 0, L_0x5652cdad0680;  alias, 1 drivers
L_0x5652cdacf5a0 .part L_0x5652cdad0900, 0, 1;
L_0x5652cdacf640 .part L_0x5652cdad0680, 1, 1;
L_0x5652cdacfc40 .part L_0x5652cdad0900, 1, 1;
L_0x5652cdacfd30 .part L_0x5652cdad0680, 2, 1;
L_0x5652cdad00d0 .part L_0x5652cdad0900, 2, 1;
L_0x5652cdad0170 .part L_0x5652cdad0680, 3, 1;
L_0x5652cdad0550 .part L_0x5652cdad0900, 3, 1;
L_0x5652cdad0680 .concat8 [ 1 1 1 1], v0x5652cdaa3870_0, v0x5652cdaa51b0_0, v0x5652cdaa6ac0_0, v0x5652cdaa8300_0;
S_0x5652cdaa3030 .scope module, "ff0" "cdaff" 5 12, 5 32 0, S_0x5652cdaa2d90;
 .timescale -9 -11;
    .port_info 0 /INPUT 1 "selc_d"
    .port_info 1 /INPUT 1 "inp_c"
    .port_info 2 /INPUT 1 "inp_d"
    .port_info 3 /INPUT 1 "clk"
    .port_info 4 /INPUT 1 "reset"
    .port_info 5 /INPUT 1 "carga"
    .port_info 6 /OUTPUT 1 "salida"
v0x5652cdaa42a0_0 .net "carga", 0 0, L_0x5652cdacf230;  alias, 1 drivers
v0x5652cdaa4360_0 .net "clk", 0 0, v0x5652cdab9370_0;  alias, 1 drivers
v0x5652cdaa4400_0 .net "inp", 0 0, L_0x5652cdacf490;  1 drivers
v0x5652cdaa4520_0 .net "inp_c", 0 0, L_0x5652cdacf5a0;  1 drivers
v0x5652cdaa45c0_0 .net "inp_d", 0 0, L_0x5652cdacf640;  1 drivers
v0x5652cdaa46b0_0 .net "reset", 0 0, v0x5652cdab9870_0;  alias, 1 drivers
v0x5652cdaa4750_0 .net "salida", 0 0, v0x5652cdaa3870_0;  1 drivers
v0x5652cdaa4820_0 .net "selc_d", 0 0, L_0x5652cdaba030;  alias, 1 drivers
S_0x5652cdaa32f0 .scope module, "ff0" "ffdc" 5 35, 5 50 0, S_0x5652cdaa3030;
 .timescale -9 -11;
    .port_info 0 /INPUT 1 "clk"
    .port_info 1 /INPUT 1 "reset"
    .port_info 2 /INPUT 1 "carga"
    .port_info 3 /INPUT 1 "d"
    .port_info 4 /OUTPUT 1 "q"
P_0x5652cdaa34e0 .param/l "retardo" 0 5 50, +C4<00000000000000000000000000000000>;
v0x5652cdaa3600_0 .net "carga", 0 0, L_0x5652cdacf230;  alias, 1 drivers
v0x5652cdaa36e0_0 .net "clk", 0 0, v0x5652cdab9370_0;  alias, 1 drivers
v0x5652cdaa37a0_0 .net "d", 0 0, L_0x5652cdacf490;  alias, 1 drivers
v0x5652cdaa3870_0 .var "q", 0 0;
v0x5652cdaa3910_0 .net "reset", 0 0, v0x5652cdab9870_0;  alias, 1 drivers
S_0x5652cdaa3aa0 .scope module, "mux0" "mux2_1_i1" 5 36, 5 40 0, S_0x5652cdaa3030;
 .timescale -9 -11;
    .port_info 0 /OUTPUT 1 "out"
    .port_info 1 /INPUT 1 "a"
    .port_info 2 /INPUT 1 "b"
    .port_info 3 /INPUT 1 "s"
L_0x5652cdacf2a0 .functor NOT 1, L_0x5652cdaba030, C4<0>, C4<0>, C4<0>;
L_0x5652cdacf310 .functor AND 1, L_0x5652cdacf640, L_0x5652cdacf2a0, C4<1>, C4<1>;
L_0x5652cdacf3d0 .functor AND 1, L_0x5652cdacf5a0, L_0x5652cdaba030, C4<1>, C4<1>;
L_0x5652cdacf490 .functor OR 1, L_0x5652cdacf310, L_0x5652cdacf3d0, C4<0>, C4<0>;
v0x5652cdaa3c90_0 .net "a", 0 0, L_0x5652cdacf640;  alias, 1 drivers
v0x5652cdaa3d50_0 .net "b", 0 0, L_0x5652cdacf5a0;  alias, 1 drivers
v0x5652cdaa3e10_0 .net "out", 0 0, L_0x5652cdacf490;  alias, 1 drivers
v0x5652cdaa3f10_0 .net "s", 0 0, L_0x5652cdaba030;  alias, 1 drivers
v0x5652cdaa3fb0_0 .net "s_n", 0 0, L_0x5652cdacf2a0;  1 drivers
v0x5652cdaa40a0_0 .net "sa", 0 0, L_0x5652cdacf310;  1 drivers
v0x5652cdaa4160_0 .net "sb", 0 0, L_0x5652cdacf3d0;  1 drivers
S_0x5652cdaa4950 .scope module, "ff1" "cdaff" 5 13, 5 32 0, S_0x5652cdaa2d90;
 .timescale -9 -11;
    .port_info 0 /INPUT 1 "selc_d"
    .port_info 1 /INPUT 1 "inp_c"
    .port_info 2 /INPUT 1 "inp_d"
    .port_info 3 /INPUT 1 "clk"
    .port_info 4 /INPUT 1 "reset"
    .port_info 5 /INPUT 1 "carga"
    .port_info 6 /OUTPUT 1 "salida"
v0x5652cdaa5c10_0 .net "carga", 0 0, L_0x5652cdacf230;  alias, 1 drivers
v0x5652cdaa5cd0_0 .net "clk", 0 0, v0x5652cdab9370_0;  alias, 1 drivers
v0x5652cdaa5d90_0 .net "inp", 0 0, L_0x5652cdacfb30;  1 drivers
v0x5652cdaa5e80_0 .net "inp_c", 0 0, L_0x5652cdacfc40;  1 drivers
v0x5652cdaa5f20_0 .net "inp_d", 0 0, L_0x5652cdacfd30;  1 drivers
v0x5652cdaa6010_0 .net "reset", 0 0, v0x5652cdab9870_0;  alias, 1 drivers
v0x5652cdaa60b0_0 .net "salida", 0 0, v0x5652cdaa51b0_0;  1 drivers
v0x5652cdaa6150_0 .net "selc_d", 0 0, L_0x5652cdaba030;  alias, 1 drivers
S_0x5652cdaa4bf0 .scope module, "ff0" "ffdc" 5 35, 5 50 0, S_0x5652cdaa4950;
 .timescale -9 -11;
    .port_info 0 /INPUT 1 "clk"
    .port_info 1 /INPUT 1 "reset"
    .port_info 2 /INPUT 1 "carga"
    .port_info 3 /INPUT 1 "d"
    .port_info 4 /OUTPUT 1 "q"
P_0x5652cdaa4dc0 .param/l "retardo" 0 5 50, +C4<00000000000000000000000000000000>;
v0x5652cdaa4f40_0 .net "carga", 0 0, L_0x5652cdacf230;  alias, 1 drivers
v0x5652cdaa5050_0 .net "clk", 0 0, v0x5652cdab9370_0;  alias, 1 drivers
v0x5652cdaa5110_0 .net "d", 0 0, L_0x5652cdacfb30;  alias, 1 drivers
v0x5652cdaa51b0_0 .var "q", 0 0;
v0x5652cdaa5250_0 .net "reset", 0 0, v0x5652cdab9870_0;  alias, 1 drivers
S_0x5652cdaa53e0 .scope module, "mux0" "mux2_1_i1" 5 36, 5 40 0, S_0x5652cdaa4950;
 .timescale -9 -11;
    .port_info 0 /OUTPUT 1 "out"
    .port_info 1 /INPUT 1 "a"
    .port_info 2 /INPUT 1 "b"
    .port_info 3 /INPUT 1 "s"
L_0x5652cdacf6e0 .functor NOT 1, L_0x5652cdaba030, C4<0>, C4<0>, C4<0>;
L_0x5652cdacf960 .functor AND 1, L_0x5652cdacfd30, L_0x5652cdacf6e0, C4<1>, C4<1>;
L_0x5652cdacfa70 .functor AND 1, L_0x5652cdacfc40, L_0x5652cdaba030, C4<1>, C4<1>;
L_0x5652cdacfb30 .functor OR 1, L_0x5652cdacf960, L_0x5652cdacfa70, C4<0>, C4<0>;
v0x5652cdaa55d0_0 .net "a", 0 0, L_0x5652cdacfd30;  alias, 1 drivers
v0x5652cdaa5690_0 .net "b", 0 0, L_0x5652cdacfc40;  alias, 1 drivers
v0x5652cdaa5750_0 .net "out", 0 0, L_0x5652cdacfb30;  alias, 1 drivers
v0x5652cdaa5850_0 .net "s", 0 0, L_0x5652cdaba030;  alias, 1 drivers
v0x5652cdaa5940_0 .net "s_n", 0 0, L_0x5652cdacf6e0;  1 drivers
v0x5652cdaa5a30_0 .net "sa", 0 0, L_0x5652cdacf960;  1 drivers
v0x5652cdaa5ad0_0 .net "sb", 0 0, L_0x5652cdacfa70;  1 drivers
S_0x5652cdaa6270 .scope module, "ff2" "cdaff" 5 14, 5 32 0, S_0x5652cdaa2d90;
 .timescale -9 -11;
    .port_info 0 /INPUT 1 "selc_d"
    .port_info 1 /INPUT 1 "inp_c"
    .port_info 2 /INPUT 1 "inp_d"
    .port_info 3 /INPUT 1 "clk"
    .port_info 4 /INPUT 1 "reset"
    .port_info 5 /INPUT 1 "carga"
    .port_info 6 /OUTPUT 1 "salida"
v0x5652cdaa7430_0 .net "carga", 0 0, L_0x5652cdacf230;  alias, 1 drivers
v0x5652cdaa74f0_0 .net "clk", 0 0, v0x5652cdab9370_0;  alias, 1 drivers
v0x5652cdaa75b0_0 .net "inp", 0 0, L_0x5652cdacffc0;  1 drivers
v0x5652cdaa76a0_0 .net "inp_c", 0 0, L_0x5652cdad00d0;  1 drivers
v0x5652cdaa7740_0 .net "inp_d", 0 0, L_0x5652cdad0170;  1 drivers
v0x5652cdaa7830_0 .net "reset", 0 0, v0x5652cdab9870_0;  alias, 1 drivers
v0x5652cdaa78d0_0 .net "salida", 0 0, v0x5652cdaa6ac0_0;  1 drivers
v0x5652cdaa79a0_0 .net "selc_d", 0 0, L_0x5652cdaba030;  alias, 1 drivers
S_0x5652cdaa6520 .scope module, "ff0" "ffdc" 5 35, 5 50 0, S_0x5652cdaa6270;
 .timescale -9 -11;
    .port_info 0 /INPUT 1 "clk"
    .port_info 1 /INPUT 1 "reset"
    .port_info 2 /INPUT 1 "carga"
    .port_info 3 /INPUT 1 "d"
    .port_info 4 /OUTPUT 1 "q"
P_0x5652cdaa66f0 .param/l "retardo" 0 5 50, +C4<00000000000000000000000000000000>;
v0x5652cdaa6870_0 .net "carga", 0 0, L_0x5652cdacf230;  alias, 1 drivers
v0x5652cdaa6930_0 .net "clk", 0 0, v0x5652cdab9370_0;  alias, 1 drivers
v0x5652cdaa69f0_0 .net "d", 0 0, L_0x5652cdacffc0;  alias, 1 drivers
v0x5652cdaa6ac0_0 .var "q", 0 0;
v0x5652cdaa6b60_0 .net "reset", 0 0, v0x5652cdab9870_0;  alias, 1 drivers
S_0x5652cdaa6ca0 .scope module, "mux0" "mux2_1_i1" 5 36, 5 40 0, S_0x5652cdaa6270;
 .timescale -9 -11;
    .port_info 0 /OUTPUT 1 "out"
    .port_info 1 /INPUT 1 "a"
    .port_info 2 /INPUT 1 "b"
    .port_info 3 /INPUT 1 "s"
L_0x5652cdacfdd0 .functor NOT 1, L_0x5652cdaba030, C4<0>, C4<0>, C4<0>;
L_0x5652cdacfe40 .functor AND 1, L_0x5652cdad0170, L_0x5652cdacfdd0, C4<1>, C4<1>;
L_0x5652cdacff00 .functor AND 1, L_0x5652cdad00d0, L_0x5652cdaba030, C4<1>, C4<1>;
L_0x5652cdacffc0 .functor OR 1, L_0x5652cdacfe40, L_0x5652cdacff00, C4<0>, C4<0>;
v0x5652cdaa6e90_0 .net "a", 0 0, L_0x5652cdad0170;  alias, 1 drivers
v0x5652cdaa6f50_0 .net "b", 0 0, L_0x5652cdad00d0;  alias, 1 drivers
v0x5652cdaa7010_0 .net "out", 0 0, L_0x5652cdacffc0;  alias, 1 drivers
v0x5652cdaa7110_0 .net "s", 0 0, L_0x5652cdaba030;  alias, 1 drivers
v0x5652cdaa71b0_0 .net "s_n", 0 0, L_0x5652cdacfdd0;  1 drivers
v0x5652cdaa7250_0 .net "sa", 0 0, L_0x5652cdacfe40;  1 drivers
v0x5652cdaa72f0_0 .net "sb", 0 0, L_0x5652cdacff00;  1 drivers
S_0x5652cdaa7ac0 .scope module, "ff3" "cdaff" 5 15, 5 32 0, S_0x5652cdaa2d90;
 .timescale -9 -11;
    .port_info 0 /INPUT 1 "selc_d"
    .port_info 1 /INPUT 1 "inp_c"
    .port_info 2 /INPUT 1 "inp_d"
    .port_info 3 /INPUT 1 "clk"
    .port_info 4 /INPUT 1 "reset"
    .port_info 5 /INPUT 1 "carga"
    .port_info 6 /OUTPUT 1 "salida"
v0x5652cdaa8d80_0 .net "carga", 0 0, L_0x5652cdacf230;  alias, 1 drivers
v0x5652cdaa8e40_0 .net "clk", 0 0, v0x5652cdab9370_0;  alias, 1 drivers
v0x5652cdaa8f00_0 .net "inp", 0 0, L_0x5652cdad0440;  1 drivers
v0x5652cdaa8ff0_0 .net "inp_c", 0 0, L_0x5652cdad0550;  1 drivers
v0x5652cdaa9090_0 .net "inp_d", 0 0, L_0x5652cdad0a30;  alias, 1 drivers
v0x5652cdaa9180_0 .net "reset", 0 0, v0x5652cdab9870_0;  alias, 1 drivers
v0x5652cdaa9430_0 .net "salida", 0 0, v0x5652cdaa8300_0;  1 drivers
v0x5652cdaa9500_0 .net "selc_d", 0 0, L_0x5652cdaba030;  alias, 1 drivers
S_0x5652cdaa7d40 .scope module, "ff0" "ffdc" 5 35, 5 50 0, S_0x5652cdaa7ac0;
 .timescale -9 -11;
    .port_info 0 /INPUT 1 "clk"
    .port_info 1 /INPUT 1 "reset"
    .port_info 2 /INPUT 1 "carga"
    .port_info 3 /INPUT 1 "d"
    .port_info 4 /OUTPUT 1 "q"
P_0x5652cdaa7f30 .param/l "retardo" 0 5 50, +C4<00000000000000000000000000000000>;
v0x5652cdaa80b0_0 .net "carga", 0 0, L_0x5652cdacf230;  alias, 1 drivers
v0x5652cdaa8170_0 .net "clk", 0 0, v0x5652cdab9370_0;  alias, 1 drivers
v0x5652cdaa8230_0 .net "d", 0 0, L_0x5652cdad0440;  alias, 1 drivers
v0x5652cdaa8300_0 .var "q", 0 0;
v0x5652cdaa83a0_0 .net "reset", 0 0, v0x5652cdab9870_0;  alias, 1 drivers
S_0x5652cdaa8530 .scope module, "mux0" "mux2_1_i1" 5 36, 5 40 0, S_0x5652cdaa7ac0;
 .timescale -9 -11;
    .port_info 0 /OUTPUT 1 "out"
    .port_info 1 /INPUT 1 "a"
    .port_info 2 /INPUT 1 "b"
    .port_info 3 /INPUT 1 "s"
L_0x5652cdad0250 .functor NOT 1, L_0x5652cdaba030, C4<0>, C4<0>, C4<0>;
L_0x5652cdad02c0 .functor AND 1, L_0x5652cdad0a30, L_0x5652cdad0250, C4<1>, C4<1>;
L_0x5652cdad0380 .functor AND 1, L_0x5652cdad0550, L_0x5652cdaba030, C4<1>, C4<1>;
L_0x5652cdad0440 .functor OR 1, L_0x5652cdad02c0, L_0x5652cdad0380, C4<0>, C4<0>;
v0x5652cdaa8790_0 .net "a", 0 0, L_0x5652cdad0a30;  alias, 1 drivers
v0x5652cdaa8850_0 .net "b", 0 0, L_0x5652cdad0550;  alias, 1 drivers
v0x5652cdaa8910_0 .net "out", 0 0, L_0x5652cdad0440;  alias, 1 drivers
v0x5652cdaa8a10_0 .net "s", 0 0, L_0x5652cdaba030;  alias, 1 drivers
v0x5652cdaa8ab0_0 .net "s_n", 0 0, L_0x5652cdad0250;  1 drivers
v0x5652cdaa8ba0_0 .net "sa", 0 0, L_0x5652cdad02c0;  1 drivers
v0x5652cdaa8c40_0 .net "sb", 0 0, L_0x5652cdad0380;  1 drivers
S_0x5652cdaa9d70 .scope module, "Q" "registro3" 4 8, 5 21 0, S_0x5652cda78d30;
 .timescale -9 -11;
    .port_info 0 /INPUT 3 "entrada"
    .port_info 1 /INPUT 1 "bit_en_desp"
    .port_info 2 /INPUT 1 "Carga"
    .port_info 3 /INPUT 1 "Desplaza"
    .port_info 4 /INPUT 1 "clk"
    .port_info 5 /INPUT 1 "reset"
    .port_info 6 /OUTPUT 3 "salida"
L_0x5652cdad0ca0 .functor OR 1, L_0x5652cdab9bf0, L_0x5652cdabab80, C4<0>, C4<0>;
v0x5652cdaaec00_0 .net "Carga", 0 0, L_0x5652cdab9bf0;  alias, 1 drivers
v0x5652cdaaecc0_0 .net "Desplaza", 0 0, L_0x5652cdabab80;  alias, 1 drivers
v0x5652cdaaedb0_0 .net "bit_en_desp", 0 0, L_0x5652cdad1df0;  1 drivers
v0x5652cdaaeed0_0 .net "clk", 0 0, v0x5652cdab9370_0;  alias, 1 drivers
v0x5652cdaaef70_0 .net "enable", 0 0, L_0x5652cdad0ca0;  1 drivers
v0x5652cdaaf060_0 .net "entrada", 2 0, v0x5652cdab95e0_0;  alias, 1 drivers
v0x5652cdaaf100_0 .net "reset", 0 0, v0x5652cdab9870_0;  alias, 1 drivers
v0x5652cdaaf1a0_0 .net "salida", 2 0, L_0x5652cdad1c20;  alias, 1 drivers
L_0x5652cdad1060 .part v0x5652cdab95e0_0, 0, 1;
L_0x5652cdad1190 .part L_0x5652cdad1c20, 1, 1;
L_0x5652cdad1740 .part v0x5652cdab95e0_0, 1, 1;
L_0x5652cdad17e0 .part L_0x5652cdad1c20, 2, 1;
L_0x5652cdad1b80 .part v0x5652cdab95e0_0, 2, 1;
L_0x5652cdad1c20 .concat8 [ 1 1 1 0], v0x5652cdaaa860_0, v0x5652cdaac210_0, v0x5652cdaadb90_0;
S_0x5652cdaa9ff0 .scope module, "ff0" "cdaff" 5 26, 5 32 0, S_0x5652cdaa9d70;
 .timescale -9 -11;
    .port_info 0 /INPUT 1 "selc_d"
    .port_info 1 /INPUT 1 "inp_c"
    .port_info 2 /INPUT 1 "inp_d"
    .port_info 3 /INPUT 1 "clk"
    .port_info 4 /INPUT 1 "reset"
    .port_info 5 /INPUT 1 "carga"
    .port_info 6 /OUTPUT 1 "salida"
v0x5652cdaab300_0 .net "carga", 0 0, L_0x5652cdad0ca0;  alias, 1 drivers
v0x5652cdaab3c0_0 .net "clk", 0 0, v0x5652cdab9370_0;  alias, 1 drivers
v0x5652cdaab460_0 .net "inp", 0 0, L_0x5652cdad0f50;  1 drivers
v0x5652cdaab580_0 .net "inp_c", 0 0, L_0x5652cdad1060;  1 drivers
v0x5652cdaab620_0 .net "inp_d", 0 0, L_0x5652cdad1190;  1 drivers
v0x5652cdaab710_0 .net "reset", 0 0, v0x5652cdab9870_0;  alias, 1 drivers
v0x5652cdaab7b0_0 .net "salida", 0 0, v0x5652cdaaa860_0;  1 drivers
v0x5652cdaab880_0 .net "selc_d", 0 0, L_0x5652cdab9bf0;  alias, 1 drivers
S_0x5652cdaaa2b0 .scope module, "ff0" "ffdc" 5 35, 5 50 0, S_0x5652cdaa9ff0;
 .timescale -9 -11;
    .port_info 0 /INPUT 1 "clk"
    .port_info 1 /INPUT 1 "reset"
    .port_info 2 /INPUT 1 "carga"
    .port_info 3 /INPUT 1 "d"
    .port_info 4 /OUTPUT 1 "q"
P_0x5652cdaaa4a0 .param/l "retardo" 0 5 50, +C4<00000000000000000000000000000000>;
v0x5652cdaaa5f0_0 .net "carga", 0 0, L_0x5652cdad0ca0;  alias, 1 drivers
v0x5652cdaaa6d0_0 .net "clk", 0 0, v0x5652cdab9370_0;  alias, 1 drivers
v0x5652cdaaa790_0 .net "d", 0 0, L_0x5652cdad0f50;  alias, 1 drivers
v0x5652cdaaa860_0 .var "q", 0 0;
v0x5652cdaaa900_0 .net "reset", 0 0, v0x5652cdab9870_0;  alias, 1 drivers
S_0x5652cdaaaa90 .scope module, "mux0" "mux2_1_i1" 5 36, 5 40 0, S_0x5652cdaa9ff0;
 .timescale -9 -11;
    .port_info 0 /OUTPUT 1 "out"
    .port_info 1 /INPUT 1 "a"
    .port_info 2 /INPUT 1 "b"
    .port_info 3 /INPUT 1 "s"
L_0x5652cdad0d10 .functor NOT 1, L_0x5652cdab9bf0, C4<0>, C4<0>, C4<0>;
L_0x5652cdad0d80 .functor AND 1, L_0x5652cdad1190, L_0x5652cdad0d10, C4<1>, C4<1>;
L_0x5652cdad0e90 .functor AND 1, L_0x5652cdad1060, L_0x5652cdab9bf0, C4<1>, C4<1>;
L_0x5652cdad0f50 .functor OR 1, L_0x5652cdad0d80, L_0x5652cdad0e90, C4<0>, C4<0>;
v0x5652cdaaacf0_0 .net "a", 0 0, L_0x5652cdad1190;  alias, 1 drivers
v0x5652cdaaadb0_0 .net "b", 0 0, L_0x5652cdad1060;  alias, 1 drivers
v0x5652cdaaae70_0 .net "out", 0 0, L_0x5652cdad0f50;  alias, 1 drivers
v0x5652cdaaaf70_0 .net "s", 0 0, L_0x5652cdab9bf0;  alias, 1 drivers
v0x5652cdaab010_0 .net "s_n", 0 0, L_0x5652cdad0d10;  1 drivers
v0x5652cdaab100_0 .net "sa", 0 0, L_0x5652cdad0d80;  1 drivers
v0x5652cdaab1c0_0 .net "sb", 0 0, L_0x5652cdad0e90;  1 drivers
S_0x5652cdaab9b0 .scope module, "ff1" "cdaff" 5 27, 5 32 0, S_0x5652cdaa9d70;
 .timescale -9 -11;
    .port_info 0 /INPUT 1 "selc_d"
    .port_info 1 /INPUT 1 "inp_c"
    .port_info 2 /INPUT 1 "inp_d"
    .port_info 3 /INPUT 1 "clk"
    .port_info 4 /INPUT 1 "reset"
    .port_info 5 /INPUT 1 "carga"
    .port_info 6 /OUTPUT 1 "salida"
v0x5652cdaacce0_0 .net "carga", 0 0, L_0x5652cdad0ca0;  alias, 1 drivers
v0x5652cdaacda0_0 .net "clk", 0 0, v0x5652cdab9370_0;  alias, 1 drivers
v0x5652cdaace60_0 .net "inp", 0 0, L_0x5652cdad1630;  1 drivers
v0x5652cdaacf50_0 .net "inp_c", 0 0, L_0x5652cdad1740;  1 drivers
v0x5652cdaacff0_0 .net "inp_d", 0 0, L_0x5652cdad17e0;  1 drivers
v0x5652cdaad0e0_0 .net "reset", 0 0, v0x5652cdab9870_0;  alias, 1 drivers
v0x5652cdaad180_0 .net "salida", 0 0, v0x5652cdaac210_0;  1 drivers
v0x5652cdaad220_0 .net "selc_d", 0 0, L_0x5652cdab9bf0;  alias, 1 drivers
S_0x5652cdaabc50 .scope module, "ff0" "ffdc" 5 35, 5 50 0, S_0x5652cdaab9b0;
 .timescale -9 -11;
    .port_info 0 /INPUT 1 "clk"
    .port_info 1 /INPUT 1 "reset"
    .port_info 2 /INPUT 1 "carga"
    .port_info 3 /INPUT 1 "d"
    .port_info 4 /OUTPUT 1 "q"
P_0x5652cdaabe20 .param/l "retardo" 0 5 50, +C4<00000000000000000000000000000000>;
v0x5652cdaabfa0_0 .net "carga", 0 0, L_0x5652cdad0ca0;  alias, 1 drivers
v0x5652cdaac0b0_0 .net "clk", 0 0, v0x5652cdab9370_0;  alias, 1 drivers
v0x5652cdaac170_0 .net "d", 0 0, L_0x5652cdad1630;  alias, 1 drivers
v0x5652cdaac210_0 .var "q", 0 0;
v0x5652cdaac2b0_0 .net "reset", 0 0, v0x5652cdab9870_0;  alias, 1 drivers
S_0x5652cdaac440 .scope module, "mux0" "mux2_1_i1" 5 36, 5 40 0, S_0x5652cdaab9b0;
 .timescale -9 -11;
    .port_info 0 /OUTPUT 1 "out"
    .port_info 1 /INPUT 1 "a"
    .port_info 2 /INPUT 1 "b"
    .port_info 3 /INPUT 1 "s"
L_0x5652cdad1230 .functor NOT 1, L_0x5652cdab9bf0, C4<0>, C4<0>, C4<0>;
L_0x5652cdad14b0 .functor AND 1, L_0x5652cdad17e0, L_0x5652cdad1230, C4<1>, C4<1>;
L_0x5652cdad1570 .functor AND 1, L_0x5652cdad1740, L_0x5652cdab9bf0, C4<1>, C4<1>;
L_0x5652cdad1630 .functor OR 1, L_0x5652cdad14b0, L_0x5652cdad1570, C4<0>, C4<0>;
v0x5652cdaac6a0_0 .net "a", 0 0, L_0x5652cdad17e0;  alias, 1 drivers
v0x5652cdaac760_0 .net "b", 0 0, L_0x5652cdad1740;  alias, 1 drivers
v0x5652cdaac820_0 .net "out", 0 0, L_0x5652cdad1630;  alias, 1 drivers
v0x5652cdaac920_0 .net "s", 0 0, L_0x5652cdab9bf0;  alias, 1 drivers
v0x5652cdaaca10_0 .net "s_n", 0 0, L_0x5652cdad1230;  1 drivers
v0x5652cdaacb00_0 .net "sa", 0 0, L_0x5652cdad14b0;  1 drivers
v0x5652cdaacba0_0 .net "sb", 0 0, L_0x5652cdad1570;  1 drivers
S_0x5652cdaad340 .scope module, "ff2" "cdaff" 5 28, 5 32 0, S_0x5652cdaa9d70;
 .timescale -9 -11;
    .port_info 0 /INPUT 1 "selc_d"
    .port_info 1 /INPUT 1 "inp_c"
    .port_info 2 /INPUT 1 "inp_d"
    .port_info 3 /INPUT 1 "clk"
    .port_info 4 /INPUT 1 "reset"
    .port_info 5 /INPUT 1 "carga"
    .port_info 6 /OUTPUT 1 "salida"
v0x5652cdaae570_0 .net "carga", 0 0, L_0x5652cdad0ca0;  alias, 1 drivers
v0x5652cdaae630_0 .net "clk", 0 0, v0x5652cdab9370_0;  alias, 1 drivers
v0x5652cdaae6f0_0 .net "inp", 0 0, L_0x5652cdad1a70;  1 drivers
v0x5652cdaae7e0_0 .net "inp_c", 0 0, L_0x5652cdad1b80;  1 drivers
v0x5652cdaae880_0 .net "inp_d", 0 0, L_0x5652cdad1df0;  alias, 1 drivers
v0x5652cdaae970_0 .net "reset", 0 0, v0x5652cdab9870_0;  alias, 1 drivers
v0x5652cdaaea10_0 .net "salida", 0 0, v0x5652cdaadb90_0;  1 drivers
v0x5652cdaaeae0_0 .net "selc_d", 0 0, L_0x5652cdab9bf0;  alias, 1 drivers
S_0x5652cdaad5f0 .scope module, "ff0" "ffdc" 5 35, 5 50 0, S_0x5652cdaad340;
 .timescale -9 -11;
    .port_info 0 /INPUT 1 "clk"
    .port_info 1 /INPUT 1 "reset"
    .port_info 2 /INPUT 1 "carga"
    .port_info 3 /INPUT 1 "d"
    .port_info 4 /OUTPUT 1 "q"
P_0x5652cdaad7c0 .param/l "retardo" 0 5 50, +C4<00000000000000000000000000000000>;
v0x5652cdaad940_0 .net "carga", 0 0, L_0x5652cdad0ca0;  alias, 1 drivers
v0x5652cdaada00_0 .net "clk", 0 0, v0x5652cdab9370_0;  alias, 1 drivers
v0x5652cdaadac0_0 .net "d", 0 0, L_0x5652cdad1a70;  alias, 1 drivers
v0x5652cdaadb90_0 .var "q", 0 0;
v0x5652cdaadc30_0 .net "reset", 0 0, v0x5652cdab9870_0;  alias, 1 drivers
S_0x5652cdaadd70 .scope module, "mux0" "mux2_1_i1" 5 36, 5 40 0, S_0x5652cdaad340;
 .timescale -9 -11;
    .port_info 0 /OUTPUT 1 "out"
    .port_info 1 /INPUT 1 "a"
    .port_info 2 /INPUT 1 "b"
    .port_info 3 /INPUT 1 "s"
L_0x5652cdad1880 .functor NOT 1, L_0x5652cdab9bf0, C4<0>, C4<0>, C4<0>;
L_0x5652cdad18f0 .functor AND 1, L_0x5652cdad1df0, L_0x5652cdad1880, C4<1>, C4<1>;
L_0x5652cdad19b0 .functor AND 1, L_0x5652cdad1b80, L_0x5652cdab9bf0, C4<1>, C4<1>;
L_0x5652cdad1a70 .functor OR 1, L_0x5652cdad18f0, L_0x5652cdad19b0, C4<0>, C4<0>;
v0x5652cdaadfd0_0 .net "a", 0 0, L_0x5652cdad1df0;  alias, 1 drivers
v0x5652cdaae090_0 .net "b", 0 0, L_0x5652cdad1b80;  alias, 1 drivers
v0x5652cdaae150_0 .net "out", 0 0, L_0x5652cdad1a70;  alias, 1 drivers
v0x5652cdaae250_0 .net "s", 0 0, L_0x5652cdab9bf0;  alias, 1 drivers
v0x5652cdaae2f0_0 .net "s_n", 0 0, L_0x5652cdad1880;  1 drivers
v0x5652cdaae390_0 .net "sa", 0 0, L_0x5652cdad18f0;  1 drivers
v0x5652cdaae430_0 .net "sb", 0 0, L_0x5652cdad19b0;  1 drivers
S_0x5652cdaaf340 .scope module, "Q0" "ffdc" 4 9, 5 50 0, S_0x5652cda78d30;
 .timescale -9 -11;
    .port_info 0 /INPUT 1 "clk"
    .port_info 1 /INPUT 1 "reset"
    .port_info 2 /INPUT 1 "carga"
    .port_info 3 /INPUT 1 "d"
    .port_info 4 /OUTPUT 1 "q"
P_0x5652cdaaf510 .param/l "retardo" 0 5 50, +C4<00000000000000000000000000000000>;
v0x5652cdaaf630_0 .net "carga", 0 0, L_0x5652cdacdaa0;  alias, 1 drivers
v0x5652cdaaf710_0 .net "clk", 0 0, v0x5652cdab9370_0;  alias, 1 drivers
v0x5652cdaaf7d0_0 .net "d", 0 0, L_0x5652cdad1ed0;  1 drivers
v0x5652cdaaf8a0_0 .var "q", 0 0;
v0x5652cdaaf940_0 .net "reset", 0 0, v0x5652cdab9870_0;  alias, 1 drivers
S_0x5652cdaafad0 .scope module, "sum" "sum_resta4" 4 10, 5 61 0, S_0x5652cda78d30;
 .timescale -9 -11;
    .port_info 0 /OUTPUT 4 "S"
    .port_info 1 /OUTPUT 1 "c_out"
    .port_info 2 /INPUT 4 "A"
    .port_info 3 /INPUT 4 "B"
    .port_info 4 /INPUT 1 "resta"
v0x5652cdaafd70_0 .net "A", 3 0, L_0x5652cdaceed0;  alias, 1 drivers
v0x5652cdaafe50_0 .net "B", 3 0, L_0x5652cdad0680;  alias, 1 drivers
v0x5652cdaaff20_0 .net "S", 3 0, L_0x5652cdad2010;  alias, 1 drivers
v0x5652cdab0020_0 .net *"_s11", 4 0, L_0x5652cdad22e0;  1 drivers
L_0x7f4e4caa6b58 .functor BUFT 1, C4<0>, C4<0>, C4<0>, C4<0>;
v0x5652cdab00c0_0 .net *"_s14", 0 0, L_0x7f4e4caa6b58;  1 drivers
v0x5652cdab01f0_0 .net *"_s15", 4 0, L_0x5652cdad23d0;  1 drivers
L_0x7f4e4caa6ba0 .functor BUFT 1, C4<0>, C4<0>, C4<0>, C4<0>;
v0x5652cdab02d0_0 .net *"_s18", 0 0, L_0x7f4e4caa6ba0;  1 drivers
v0x5652cdab03b0_0 .net *"_s19", 4 0, L_0x5652cdad2500;  1 drivers
L_0x7f4e4caa6be8 .functor BUFT 1, C4<00000>, C4<0>, C4<0>, C4<0>;
v0x5652cdab0490_0 .net/2u *"_s21", 4 0, L_0x7f4e4caa6be8;  1 drivers
v0x5652cdab0570_0 .net *"_s23", 4 0, L_0x5652cdad26b0;  1 drivers
v0x5652cdab0650_0 .net *"_s25", 4 0, L_0x5652cdad2840;  1 drivers
L_0x7f4e4caa6c30 .functor BUFT 1, C4<0>, C4<0>, C4<0>, C4<0>;
v0x5652cdab0730_0 .net *"_s28", 0 0, L_0x7f4e4caa6c30;  1 drivers
v0x5652cdab0810_0 .net *"_s29", 4 0, L_0x5652cdad2930;  1 drivers
v0x5652cdab08f0_0 .net *"_s3", 31 0, L_0x5652cdad20b0;  1 drivers
L_0x7f4e4caa6c78 .functor BUFT 1, C4<0>, C4<0>, C4<0>, C4<0>;
v0x5652cdab09d0_0 .net *"_s32", 0 0, L_0x7f4e4caa6c78;  1 drivers
v0x5652cdab0ab0_0 .net *"_s33", 4 0, L_0x5652cdad2a30;  1 drivers
L_0x7f4e4caa6cc0 .functor BUFT 1, C4<00000>, C4<0>, C4<0>, C4<0>;
v0x5652cdab0b90_0 .net/2u *"_s35", 4 0, L_0x7f4e4caa6cc0;  1 drivers
v0x5652cdab0d80_0 .net *"_s37", 4 0, L_0x5652cdad2b70;  1 drivers
v0x5652cdab0e60_0 .net *"_s39", 4 0, L_0x5652cdad2d20;  1 drivers
L_0x7f4e4caa6ac8 .functor BUFT 1, C4<0000000000000000000000000000000>, C4<0>, C4<0>, C4<0>;
v0x5652cdab0f40_0 .net *"_s6", 30 0, L_0x7f4e4caa6ac8;  1 drivers
L_0x7f4e4caa6b10 .functor BUFT 1, C4<00000000000000000000000000000001>, C4<0>, C4<0>, C4<0>;
v0x5652cdab1020_0 .net/2u *"_s7", 31 0, L_0x7f4e4caa6b10;  1 drivers
v0x5652cdab1100_0 .net *"_s9", 0 0, L_0x5652cdad21a0;  1 drivers
v0x5652cdab11c0_0 .net "c_out", 0 0, L_0x5652cdad1f70;  1 drivers
v0x5652cdab1280_0 .net "resta", 0 0, L_0x5652cdacd510;  alias, 1 drivers
L_0x5652cdad1f70 .part L_0x5652cdad2d20, 4, 1;
L_0x5652cdad2010 .part L_0x5652cdad2d20, 0, 4;
L_0x5652cdad20b0 .concat [ 1 31 0 0], L_0x5652cdacd510, L_0x7f4e4caa6ac8;
L_0x5652cdad21a0 .cmp/eq 32, L_0x5652cdad20b0, L_0x7f4e4caa6b10;
L_0x5652cdad22e0 .concat [ 4 1 0 0], L_0x5652cdaceed0, L_0x7f4e4caa6b58;
L_0x5652cdad23d0 .concat [ 4 1 0 0], L_0x5652cdad0680, L_0x7f4e4caa6ba0;
L_0x5652cdad2500 .arith/sub 5, L_0x5652cdad22e0, L_0x5652cdad23d0;
L_0x5652cdad26b0 .arith/sum 5, L_0x5652cdad2500, L_0x7f4e4caa6be8;
L_0x5652cdad2840 .concat [ 4 1 0 0], L_0x5652cdaceed0, L_0x7f4e4caa6c30;
L_0x5652cdad2930 .concat [ 4 1 0 0], L_0x5652cdad0680, L_0x7f4e4caa6c78;
L_0x5652cdad2a30 .arith/sum 5, L_0x5652cdad2840, L_0x5652cdad2930;
L_0x5652cdad2b70 .arith/sum 5, L_0x5652cdad2a30, L_0x7f4e4caa6cc0;
L_0x5652cdad2d20 .functor MUXZ 5, L_0x5652cdad2b70, L_0x5652cdad26b0, L_0x5652cdad21a0, C4<>;
S_0x5652cdab27a0 .scope module, "uc1" "unidad_control" 3 11, 6 1 0, S_0x5652cda7f8a0;
 .timescale 0 0;
    .port_info 0 /INPUT 3 "q"
    .port_info 1 /INPUT 1 "qsub1"
    .port_info 2 /INPUT 1 "reset"
    .port_info 3 /INPUT 1 "clk"
    .port_info 4 /OUTPUT 1 "CargaQ"
    .port_info 5 /OUTPUT 1 "DesplazaAQ"
    .port_info 6 /OUTPUT 1 "CargaA"
    .port_info 7 /OUTPUT 1 "CargaM"
    .port_info 8 /OUTPUT 1 "Resta"
    .port_info 9 /OUTPUT 1 "Fin"
P_0x5652cdab2990 .param/l "S0" 0 6 5, C4<000>;
P_0x5652cdab29d0 .param/l "S1" 0 6 6, C4<001>;
P_0x5652cdab2a10 .param/l "S2" 0 6 7, C4<010>;
P_0x5652cdab2a50 .param/l "S3" 0 6 8, C4<011>;
P_0x5652cdab2a90 .param/l "S4" 0 6 9, C4<100>;
P_0x5652cdab2ad0 .param/l "S5" 0 6 10, C4<101>;
P_0x5652cdab2b10 .param/l "S6" 0 6 11, C4<110>;
P_0x5652cdab2b50 .param/l "S7" 0 6 12, C4<111>;
L_0x5652cdaba670 .functor OR 1, L_0x5652cdaba4d0, L_0x5652cdaba5d0, C4<0>, C4<0>;
L_0x5652cdaba8e0 .functor OR 1, L_0x5652cdaba670, L_0x5652cdaba780, C4<0>, C4<0>;
L_0x5652cdaba870 .functor OR 1, L_0x5652cdabacf0, L_0x5652cdabade0, C4<0>, C4<0>;
L_0x5652cdabb310 .functor OR 1, L_0x5652cdaba870, L_0x5652cdabb220, C4<0>, C4<0>;
L_0x5652cdacba80 .functor AND 1, L_0x5652cdacb690, L_0x5652cdacb880, C4<1>, C4<1>;
L_0x5652cdacc2c0 .functor AND 1, L_0x5652cdacbe40, L_0x5652cdacc150, C4<1>, C4<1>;
L_0x5652cdacc410 .functor OR 1, L_0x5652cdacba80, L_0x5652cdacc2c0, C4<0>, C4<0>;
L_0x5652cdacc520 .functor AND 1, L_0x5652cdabb310, L_0x5652cdacc410, C4<1>, C4<1>;
L_0x5652cdacd270 .functor AND 1, L_0x5652cdacccd0, L_0x5652cdacd010, C4<1>, C4<1>;
v0x5652cdab3040_0 .net "CargaA", 0 0, L_0x5652cdacc900;  alias, 1 drivers
v0x5652cdab3100_0 .net "CargaM", 0 0, L_0x5652cdaba030;  alias, 1 drivers
v0x5652cdab31c0_0 .net "CargaQ", 0 0, L_0x5652cdab9bf0;  alias, 1 drivers
v0x5652cdab3260_0 .net "DesplazaAQ", 0 0, L_0x5652cdabab80;  alias, 1 drivers
v0x5652cdab3300_0 .net "Fin", 0 0, L_0x5652cdacd9b0;  alias, 1 drivers
v0x5652cdab33a0_0 .net "Reset_A", 0 0, L_0x5652cdaba3e0;  1 drivers
v0x5652cdab3440_0 .net "Resta", 0 0, L_0x5652cdacd510;  alias, 1 drivers
L_0x7f4e4caa6018 .functor BUFT 1, C4<000>, C4<0>, C4<0>, C4<0>;
v0x5652cdab3530_0 .net/2u *"_s0", 2 0, L_0x7f4e4caa6018;  1 drivers
L_0x7f4e4caa6600 .functor BUFT 1, C4<0000000000000000000000000000000>, C4<0>, C4<0>, C4<0>;
v0x5652cdab3610_0 .net *"_s101", 30 0, L_0x7f4e4caa6600;  1 drivers
L_0x7f4e4caa6648 .functor BUFT 1, C4<00000000000000000000000000000001>, C4<0>, C4<0>, C4<0>;
v0x5652cdab36f0_0 .net/2u *"_s102", 31 0, L_0x7f4e4caa6648;  1 drivers
v0x5652cdab37d0_0 .net *"_s104", 0 0, L_0x5652cdacbe40;  1 drivers
v0x5652cdab3890_0 .net *"_s106", 31 0, L_0x5652cdacbf80;  1 drivers
L_0x7f4e4caa6690 .functor BUFT 1, C4<0000000000000000000000000000000>, C4<0>, C4<0>, C4<0>;
v0x5652cdab3970_0 .net *"_s109", 30 0, L_0x7f4e4caa6690;  1 drivers
L_0x7f4e4caa66d8 .functor BUFT 1, C4<00000000000000000000000000000000>, C4<0>, C4<0>, C4<0>;
v0x5652cdab3a50_0 .net/2u *"_s110", 31 0, L_0x7f4e4caa66d8;  1 drivers
v0x5652cdab3b30_0 .net *"_s112", 0 0, L_0x5652cdacc150;  1 drivers
v0x5652cdab3bf0_0 .net *"_s114", 0 0, L_0x5652cdacc2c0;  1 drivers
v0x5652cdab3cb0_0 .net *"_s116", 0 0, L_0x5652cdacc410;  1 drivers
v0x5652cdab3e80_0 .net *"_s118", 0 0, L_0x5652cdacc520;  1 drivers
L_0x7f4e4caa60f0 .functor BUFT 1, C4<000>, C4<0>, C4<0>, C4<0>;
v0x5652cdab3f40_0 .net/2u *"_s12", 2 0, L_0x7f4e4caa60f0;  1 drivers
L_0x7f4e4caa6720 .functor BUFT 1, C4<01>, C4<0>, C4<0>, C4<0>;
v0x5652cdab4020_0 .net/2s *"_s120", 1 0, L_0x7f4e4caa6720;  1 drivers
L_0x7f4e4caa6768 .functor BUFT 1, C4<00>, C4<0>, C4<0>, C4<0>;
v0x5652cdab4100_0 .net/2s *"_s122", 1 0, L_0x7f4e4caa6768;  1 drivers
v0x5652cdab41e0_0 .net *"_s124", 1 0, L_0x5652cdacc680;  1 drivers
v0x5652cdab42c0_0 .net *"_s129", 0 0, L_0x5652cdacc9f0;  1 drivers
v0x5652cdab43a0_0 .net *"_s130", 31 0, L_0x5652cdaccb90;  1 drivers
L_0x7f4e4caa67b0 .functor BUFT 1, C4<0000000000000000000000000000000>, C4<0>, C4<0>, C4<0>;
v0x5652cdab4480_0 .net *"_s133", 30 0, L_0x7f4e4caa67b0;  1 drivers
L_0x7f4e4caa67f8 .functor BUFT 1, C4<00000000000000000000000000000001>, C4<0>, C4<0>, C4<0>;
v0x5652cdab4560_0 .net/2u *"_s134", 31 0, L_0x7f4e4caa67f8;  1 drivers
v0x5652cdab4640_0 .net *"_s136", 0 0, L_0x5652cdacccd0;  1 drivers
v0x5652cdab4700_0 .net *"_s138", 31 0, L_0x5652cdaccf20;  1 drivers
v0x5652cdab47e0_0 .net *"_s14", 0 0, L_0x5652cdab9ce0;  1 drivers
L_0x7f4e4caa6840 .functor BUFT 1, C4<0000000000000000000000000000000>, C4<0>, C4<0>, C4<0>;
v0x5652cdab48a0_0 .net *"_s141", 30 0, L_0x7f4e4caa6840;  1 drivers
L_0x7f4e4caa6888 .functor BUFT 1, C4<00000000000000000000000000000000>, C4<0>, C4<0>, C4<0>;
v0x5652cdab4980_0 .net/2u *"_s142", 31 0, L_0x7f4e4caa6888;  1 drivers
v0x5652cdab4a60_0 .net *"_s144", 0 0, L_0x5652cdacd010;  1 drivers
v0x5652cdab4b20_0 .net *"_s146", 0 0, L_0x5652cdacd270;  1 drivers
L_0x7f4e4caa68d0 .functor BUFT 1, C4<01>, C4<0>, C4<0>, C4<0>;
v0x5652cdab4df0_0 .net/2s *"_s148", 1 0, L_0x7f4e4caa68d0;  1 drivers
L_0x7f4e4caa6918 .functor BUFT 1, C4<00>, C4<0>, C4<0>, C4<0>;
v0x5652cdab4ed0_0 .net/2s *"_s150", 1 0, L_0x7f4e4caa6918;  1 drivers
v0x5652cdab4fb0_0 .net *"_s152", 1 0, L_0x5652cdacd380;  1 drivers
L_0x7f4e4caa6960 .functor BUFT 1, C4<111>, C4<0>, C4<0>, C4<0>;
v0x5652cdab5090_0 .net/2u *"_s156", 2 0, L_0x7f4e4caa6960;  1 drivers
v0x5652cdab5170_0 .net *"_s158", 0 0, L_0x5652cdacd150;  1 drivers
L_0x7f4e4caa6138 .functor BUFT 1, C4<01>, C4<0>, C4<0>, C4<0>;
v0x5652cdab5230_0 .net/2s *"_s16", 1 0, L_0x7f4e4caa6138;  1 drivers
L_0x7f4e4caa69a8 .functor BUFT 1, C4<01>, C4<0>, C4<0>, C4<0>;
v0x5652cdab5310_0 .net/2s *"_s160", 1 0, L_0x7f4e4caa69a8;  1 drivers
L_0x7f4e4caa69f0 .functor BUFT 1, C4<00>, C4<0>, C4<0>, C4<0>;
v0x5652cdab53f0_0 .net/2s *"_s162", 1 0, L_0x7f4e4caa69f0;  1 drivers
v0x5652cdab54d0_0 .net *"_s164", 1 0, L_0x5652cdacd6e0;  1 drivers
L_0x7f4e4caa6180 .functor BUFT 1, C4<00>, C4<0>, C4<0>, C4<0>;
v0x5652cdab55b0_0 .net/2s *"_s18", 1 0, L_0x7f4e4caa6180;  1 drivers
v0x5652cdab5690_0 .net *"_s2", 0 0, L_0x5652cdab9910;  1 drivers
v0x5652cdab5750_0 .net *"_s20", 1 0, L_0x5652cdab9ea0;  1 drivers
L_0x7f4e4caa61c8 .functor BUFT 1, C4<000>, C4<0>, C4<0>, C4<0>;
v0x5652cdab5830_0 .net/2u *"_s24", 2 0, L_0x7f4e4caa61c8;  1 drivers
v0x5652cdab5910_0 .net *"_s26", 0 0, L_0x5652cdaba160;  1 drivers
L_0x7f4e4caa6210 .functor BUFT 1, C4<01>, C4<0>, C4<0>, C4<0>;
v0x5652cdab59d0_0 .net/2s *"_s28", 1 0, L_0x7f4e4caa6210;  1 drivers
L_0x7f4e4caa6258 .functor BUFT 1, C4<00>, C4<0>, C4<0>, C4<0>;
v0x5652cdab5ab0_0 .net/2s *"_s30", 1 0, L_0x7f4e4caa6258;  1 drivers
v0x5652cdab5b90_0 .net *"_s32", 1 0, L_0x5652cdaba250;  1 drivers
L_0x7f4e4caa62a0 .functor BUFT 1, C4<010>, C4<0>, C4<0>, C4<0>;
v0x5652cdab5c70_0 .net/2u *"_s36", 2 0, L_0x7f4e4caa62a0;  1 drivers
v0x5652cdab5d50_0 .net *"_s38", 0 0, L_0x5652cdaba4d0;  1 drivers
L_0x7f4e4caa6060 .functor BUFT 1, C4<01>, C4<0>, C4<0>, C4<0>;
v0x5652cdab5e10_0 .net/2s *"_s4", 1 0, L_0x7f4e4caa6060;  1 drivers
L_0x7f4e4caa62e8 .functor BUFT 1, C4<100>, C4<0>, C4<0>, C4<0>;
v0x5652cdab5ef0_0 .net/2u *"_s40", 2 0, L_0x7f4e4caa62e8;  1 drivers
v0x5652cdab5fd0_0 .net *"_s42", 0 0, L_0x5652cdaba5d0;  1 drivers
v0x5652cdab6090_0 .net *"_s44", 0 0, L_0x5652cdaba670;  1 drivers
L_0x7f4e4caa6330 .functor BUFT 1, C4<110>, C4<0>, C4<0>, C4<0>;
v0x5652cdab6150_0 .net/2u *"_s46", 2 0, L_0x7f4e4caa6330;  1 drivers
v0x5652cdab6230_0 .net *"_s48", 0 0, L_0x5652cdaba780;  1 drivers
v0x5652cdab62f0_0 .net *"_s50", 0 0, L_0x5652cdaba8e0;  1 drivers
L_0x7f4e4caa6378 .functor BUFT 1, C4<01>, C4<0>, C4<0>, C4<0>;
v0x5652cdab63b0_0 .net/2s *"_s52", 1 0, L_0x7f4e4caa6378;  1 drivers
L_0x7f4e4caa63c0 .functor BUFT 1, C4<00>, C4<0>, C4<0>, C4<0>;
v0x5652cdab6490_0 .net/2s *"_s54", 1 0, L_0x7f4e4caa63c0;  1 drivers
v0x5652cdab6570_0 .net *"_s56", 1 0, L_0x5652cdaba9f0;  1 drivers
L_0x7f4e4caa60a8 .functor BUFT 1, C4<00>, C4<0>, C4<0>, C4<0>;
v0x5652cdab6650_0 .net/2s *"_s6", 1 0, L_0x7f4e4caa60a8;  1 drivers
L_0x7f4e4caa6408 .functor BUFT 1, C4<001>, C4<0>, C4<0>, C4<0>;
v0x5652cdab6730_0 .net/2u *"_s60", 2 0, L_0x7f4e4caa6408;  1 drivers
v0x5652cdab6810_0 .net *"_s62", 0 0, L_0x5652cdabacf0;  1 drivers
L_0x7f4e4caa6450 .functor BUFT 1, C4<011>, C4<0>, C4<0>, C4<0>;
v0x5652cdab6ce0_0 .net/2u *"_s64", 2 0, L_0x7f4e4caa6450;  1 drivers
v0x5652cdab6dc0_0 .net *"_s66", 0 0, L_0x5652cdabade0;  1 drivers
v0x5652cdab6e80_0 .net *"_s68", 0 0, L_0x5652cdaba870;  1 drivers
L_0x7f4e4caa6498 .functor BUFT 1, C4<101>, C4<0>, C4<0>, C4<0>;
v0x5652cdab6f40_0 .net/2u *"_s70", 2 0, L_0x7f4e4caa6498;  1 drivers
v0x5652cdab7020_0 .net *"_s72", 0 0, L_0x5652cdabb220;  1 drivers
v0x5652cdab70e0_0 .net *"_s74", 0 0, L_0x5652cdabb310;  1 drivers
v0x5652cdab71a0_0 .net *"_s77", 0 0, L_0x5652cdabb450;  1 drivers
v0x5652cdab7280_0 .net *"_s78", 31 0, L_0x5652cdabb590;  1 drivers
v0x5652cdab7360_0 .net *"_s8", 1 0, L_0x5652cdab9a30;  1 drivers
L_0x7f4e4caa64e0 .functor BUFT 1, C4<0000000000000000000000000000000>, C4<0>, C4<0>, C4<0>;
v0x5652cdab7440_0 .net *"_s81", 30 0, L_0x7f4e4caa64e0;  1 drivers
L_0x7f4e4caa6528 .functor BUFT 1, C4<00000000000000000000000000000000>, C4<0>, C4<0>, C4<0>;
v0x5652cdab7520_0 .net/2u *"_s82", 31 0, L_0x7f4e4caa6528;  1 drivers
v0x5652cdab7600_0 .net *"_s84", 0 0, L_0x5652cdacb690;  1 drivers
v0x5652cdab76c0_0 .net *"_s86", 31 0, L_0x5652cdabb4f0;  1 drivers
L_0x7f4e4caa6570 .functor BUFT 1, C4<0000000000000000000000000000000>, C4<0>, C4<0>, C4<0>;
v0x5652cdab77a0_0 .net *"_s89", 30 0, L_0x7f4e4caa6570;  1 drivers
L_0x7f4e4caa65b8 .functor BUFT 1, C4<00000000000000000000000000000001>, C4<0>, C4<0>, C4<0>;
v0x5652cdab7880_0 .net/2u *"_s90", 31 0, L_0x7f4e4caa65b8;  1 drivers
v0x5652cdab7960_0 .net *"_s92", 0 0, L_0x5652cdacb880;  1 drivers
v0x5652cdab7a20_0 .net *"_s94", 0 0, L_0x5652cdacba80;  1 drivers
v0x5652cdab7ae0_0 .net *"_s97", 0 0, L_0x5652cdacbb90;  1 drivers
v0x5652cdab7bc0_0 .net *"_s98", 31 0, L_0x5652cdacbc30;  1 drivers
v0x5652cdab7ca0_0 .net "clk", 0 0, v0x5652cdab9370_0;  alias, 1 drivers
v0x5652cdab7d40_0 .var "estado", 2 0;
v0x5652cdab7e20_0 .var "estado_siguiente", 2 0;
v0x5652cdab7f00_0 .net "q", 2 0, L_0x5652cdad1c20;  alias, 1 drivers
v0x5652cdab7fc0_0 .net "qsub1", 0 0, v0x5652cdaaf8a0_0;  alias, 1 drivers
v0x5652cdab80b0_0 .net "reset", 0 0, v0x5652cdab9870_0;  alias, 1 drivers
E_0x5652cd9ffe00 .event edge, v0x5652cdab7d40_0;
L_0x5652cdab9910 .cmp/eq 3, v0x5652cdab7d40_0, L_0x7f4e4caa6018;
L_0x5652cdab9a30 .functor MUXZ 2, L_0x7f4e4caa60a8, L_0x7f4e4caa6060, L_0x5652cdab9910, C4<>;
L_0x5652cdab9bf0 .part L_0x5652cdab9a30, 0, 1;
L_0x5652cdab9ce0 .cmp/eq 3, v0x5652cdab7d40_0, L_0x7f4e4caa60f0;
L_0x5652cdab9ea0 .functor MUXZ 2, L_0x7f4e4caa6180, L_0x7f4e4caa6138, L_0x5652cdab9ce0, C4<>;
L_0x5652cdaba030 .part L_0x5652cdab9ea0, 0, 1;
L_0x5652cdaba160 .cmp/eq 3, v0x5652cdab7d40_0, L_0x7f4e4caa61c8;
L_0x5652cdaba250 .functor MUXZ 2, L_0x7f4e4caa6258, L_0x7f4e4caa6210, L_0x5652cdaba160, C4<>;
L_0x5652cdaba3e0 .part L_0x5652cdaba250, 0, 1;
L_0x5652cdaba4d0 .cmp/eq 3, v0x5652cdab7d40_0, L_0x7f4e4caa62a0;
L_0x5652cdaba5d0 .cmp/eq 3, v0x5652cdab7d40_0, L_0x7f4e4caa62e8;
L_0x5652cdaba780 .cmp/eq 3, v0x5652cdab7d40_0, L_0x7f4e4caa6330;
L_0x5652cdaba9f0 .functor MUXZ 2, L_0x7f4e4caa63c0, L_0x7f4e4caa6378, L_0x5652cdaba8e0, C4<>;
L_0x5652cdabab80 .part L_0x5652cdaba9f0, 0, 1;
L_0x5652cdabacf0 .cmp/eq 3, v0x5652cdab7d40_0, L_0x7f4e4caa6408;
L_0x5652cdabade0 .cmp/eq 3, v0x5652cdab7d40_0, L_0x7f4e4caa6450;
L_0x5652cdabb220 .cmp/eq 3, v0x5652cdab7d40_0, L_0x7f4e4caa6498;
L_0x5652cdabb450 .part L_0x5652cdad1c20, 0, 1;
L_0x5652cdabb590 .concat [ 1 31 0 0], L_0x5652cdabb450, L_0x7f4e4caa64e0;
L_0x5652cdacb690 .cmp/eq 32, L_0x5652cdabb590, L_0x7f4e4caa6528;
L_0x5652cdabb4f0 .concat [ 1 31 0 0], v0x5652cdaaf8a0_0, L_0x7f4e4caa6570;
L_0x5652cdacb880 .cmp/eq 32, L_0x5652cdabb4f0, L_0x7f4e4caa65b8;
L_0x5652cdacbb90 .part L_0x5652cdad1c20, 0, 1;
L_0x5652cdacbc30 .concat [ 1 31 0 0], L_0x5652cdacbb90, L_0x7f4e4caa6600;
L_0x5652cdacbe40 .cmp/eq 32, L_0x5652cdacbc30, L_0x7f4e4caa6648;
L_0x5652cdacbf80 .concat [ 1 31 0 0], v0x5652cdaaf8a0_0, L_0x7f4e4caa6690;
L_0x5652cdacc150 .cmp/eq 32, L_0x5652cdacbf80, L_0x7f4e4caa66d8;
L_0x5652cdacc680 .functor MUXZ 2, L_0x7f4e4caa6768, L_0x7f4e4caa6720, L_0x5652cdacc520, C4<>;
L_0x5652cdacc900 .part L_0x5652cdacc680, 0, 1;
L_0x5652cdacc9f0 .part L_0x5652cdad1c20, 0, 1;
L_0x5652cdaccb90 .concat [ 1 31 0 0], L_0x5652cdacc9f0, L_0x7f4e4caa67b0;
L_0x5652cdacccd0 .cmp/eq 32, L_0x5652cdaccb90, L_0x7f4e4caa67f8;
L_0x5652cdaccf20 .concat [ 1 31 0 0], v0x5652cdaaf8a0_0, L_0x7f4e4caa6840;
L_0x5652cdacd010 .cmp/eq 32, L_0x5652cdaccf20, L_0x7f4e4caa6888;
L_0x5652cdacd380 .functor MUXZ 2, L_0x7f4e4caa6918, L_0x7f4e4caa68d0, L_0x5652cdacd270, C4<>;
L_0x5652cdacd510 .part L_0x5652cdacd380, 0, 1;
L_0x5652cdacd150 .cmp/eq 3, v0x5652cdab7d40_0, L_0x7f4e4caa6960;
L_0x5652cdacd6e0 .functor MUXZ 2, L_0x7f4e4caa69f0, L_0x7f4e4caa69a8, L_0x5652cdacd150, C4<>;
L_0x5652cdacd9b0 .part L_0x5652cdacd6e0, 0, 1;
    .scope S_0x5652cdab27a0;
T_0 ;
    %wait E_0x5652cda820c0;
    %load/vec4 v0x5652cdab80b0_0;
    %flag_set/vec4 8;
    %jmp/0xz  T_0.0, 8;
    %pushi/vec4 0, 0, 3;
    %assign/vec4 v0x5652cdab7d40_0, 0;
    %jmp T_0.1;
T_0.0 ;
    %load/vec4 v0x5652cdab7e20_0;
    %assign/vec4 v0x5652cdab7d40_0, 0;
T_0.1 ;
    %jmp T_0;
    .thread T_0;
    .scope S_0x5652cdab27a0;
T_1 ;
    %wait E_0x5652cd9ffe00;
    %load/vec4 v0x5652cdab7d40_0;
    %dup/vec4;
    %pushi/vec4 0, 0, 3;
    %cmp/u;
    %jmp/1 T_1.0, 6;
    %dup/vec4;
    %pushi/vec4 1, 0, 3;
    %cmp/u;
    %jmp/1 T_1.1, 6;
    %dup/vec4;
    %pushi/vec4 2, 0, 3;
    %cmp/u;
    %jmp/1 T_1.2, 6;
    %dup/vec4;
    %pushi/vec4 3, 0, 3;
    %cmp/u;
    %jmp/1 T_1.3, 6;
    %dup/vec4;
    %pushi/vec4 4, 0, 3;
    %cmp/u;
    %jmp/1 T_1.4, 6;
    %dup/vec4;
    %pushi/vec4 5, 0, 3;
    %cmp/u;
    %jmp/1 T_1.5, 6;
    %dup/vec4;
    %pushi/vec4 6, 0, 3;
    %cmp/u;
    %jmp/1 T_1.6, 6;
    %dup/vec4;
    %pushi/vec4 7, 0, 3;
    %cmp/u;
    %jmp/1 T_1.7, 6;
    %pushi/vec4 0, 0, 3;
    %store/vec4 v0x5652cdab7e20_0, 0, 3;
    %jmp T_1.9;
T_1.0 ;
    %pushi/vec4 1, 0, 3;
    %store/vec4 v0x5652cdab7e20_0, 0, 3;
    %jmp T_1.9;
T_1.1 ;
    %pushi/vec4 2, 0, 3;
    %store/vec4 v0x5652cdab7e20_0, 0, 3;
    %jmp T_1.9;
T_1.2 ;
    %pushi/vec4 3, 0, 3;
    %store/vec4 v0x5652cdab7e20_0, 0, 3;
    %jmp T_1.9;
T_1.3 ;
    %pushi/vec4 4, 0, 3;
    %store/vec4 v0x5652cdab7e20_0, 0, 3;
    %jmp T_1.9;
T_1.4 ;
    %pushi/vec4 5, 0, 3;
    %store/vec4 v0x5652cdab7e20_0, 0, 3;
    %jmp T_1.9;
T_1.5 ;
    %pushi/vec4 6, 0, 3;
    %store/vec4 v0x5652cdab7e20_0, 0, 3;
    %jmp T_1.9;
T_1.6 ;
    %pushi/vec4 7, 0, 3;
    %store/vec4 v0x5652cdab7e20_0, 0, 3;
    %jmp T_1.9;
T_1.7 ;
    %pushi/vec4 7, 0, 3;
    %store/vec4 v0x5652cdab7e20_0, 0, 3;
    %jmp T_1.9;
T_1.9 ;
    %pop/vec4 1;
    %jmp T_1;
    .thread T_1, $push;
    .scope S_0x5652cda76310;
T_2 ;
    %wait E_0x5652cda820c0;
    %load/vec4 v0x5652cda65c10_0;
    %flag_set/vec4 8;
    %jmp/0xz  T_2.0, 8;
    %pushi/vec4 0, 0, 1;
    %assign/vec4 v0x5652cda678a0_0, 0;
    %jmp T_2.1;
T_2.0 ;
    %load/vec4 v0x5652cda693c0_0;
    %flag_set/vec4 8;
    %jmp/0xz  T_2.2, 8;
    %load/vec4 v0x5652cda67800_0;
    %assign/vec4 v0x5652cda678a0_0, 0;
T_2.2 ;
T_2.1 ;
    %jmp T_2;
    .thread T_2;
    .scope S_0x5652cda9db20;
T_3 ;
    %wait E_0x5652cda820c0;
    %load/vec4 v0x5652cda9e1d0_0;
    %flag_set/vec4 8;
    %jmp/0xz  T_3.0, 8;
    %pushi/vec4 0, 0, 1;
    %assign/vec4 v0x5652cda9e130_0, 0;
    %jmp T_3.1;
T_3.0 ;
    %load/vec4 v0x5652cda9de70_0;
    %flag_set/vec4 8;
    %jmp/0xz  T_3.2, 8;
    %load/vec4 v0x5652cda9e090_0;
    %assign/vec4 v0x5652cda9e130_0, 0;
T_3.2 ;
T_3.1 ;
    %jmp T_3;
    .thread T_3;
    .scope S_0x5652cda9f490;
T_4 ;
    %wait E_0x5652cda820c0;
    %load/vec4 v0x5652cda9fad0_0;
    %flag_set/vec4 8;
    %jmp/0xz  T_4.0, 8;
    %pushi/vec4 0, 0, 1;
    %assign/vec4 v0x5652cda9fa30_0, 0;
    %jmp T_4.1;
T_4.0 ;
    %load/vec4 v0x5652cda9f7e0_0;
    %flag_set/vec4 8;
    %jmp/0xz  T_4.2, 8;
    %load/vec4 v0x5652cda9f960_0;
    %assign/vec4 v0x5652cda9fa30_0, 0;
T_4.2 ;
T_4.1 ;
    %jmp T_4;
    .thread T_4;
    .scope S_0x5652cdaa0d30;
T_5 ;
    %wait E_0x5652cda820c0;
    %load/vec4 v0x5652cdaa1420_0;
    %flag_set/vec4 8;
    %jmp/0xz  T_5.0, 8;
    %pushi/vec4 0, 0, 1;
    %assign/vec4 v0x5652cdaa1380_0, 0;
    %jmp T_5.1;
T_5.0 ;
    %load/vec4 v0x5652cdaa1130_0;
    %flag_set/vec4 8;
    %jmp/0xz  T_5.2, 8;
    %load/vec4 v0x5652cdaa12b0_0;
    %assign/vec4 v0x5652cdaa1380_0, 0;
T_5.2 ;
T_5.1 ;
    %jmp T_5;
    .thread T_5;
    .scope S_0x5652cdaa32f0;
T_6 ;
    %wait E_0x5652cda820c0;
    %load/vec4 v0x5652cdaa3910_0;
    %flag_set/vec4 8;
    %jmp/0xz  T_6.0, 8;
    %pushi/vec4 0, 0, 1;
    %assign/vec4 v0x5652cdaa3870_0, 0;
    %jmp T_6.1;
T_6.0 ;
    %load/vec4 v0x5652cdaa3600_0;
    %flag_set/vec4 8;
    %jmp/0xz  T_6.2, 8;
    %load/vec4 v0x5652cdaa37a0_0;
    %assign/vec4 v0x5652cdaa3870_0, 0;
T_6.2 ;
T_6.1 ;
    %jmp T_6;
    .thread T_6;
    .scope S_0x5652cdaa4bf0;
T_7 ;
    %wait E_0x5652cda820c0;
    %load/vec4 v0x5652cdaa5250_0;
    %flag_set/vec4 8;
    %jmp/0xz  T_7.0, 8;
    %pushi/vec4 0, 0, 1;
    %assign/vec4 v0x5652cdaa51b0_0, 0;
    %jmp T_7.1;
T_7.0 ;
    %load/vec4 v0x5652cdaa4f40_0;
    %flag_set/vec4 8;
    %jmp/0xz  T_7.2, 8;
    %load/vec4 v0x5652cdaa5110_0;
    %assign/vec4 v0x5652cdaa51b0_0, 0;
T_7.2 ;
T_7.1 ;
    %jmp T_7;
    .thread T_7;
    .scope S_0x5652cdaa6520;
T_8 ;
    %wait E_0x5652cda820c0;
    %load/vec4 v0x5652cdaa6b60_0;
    %flag_set/vec4 8;
    %jmp/0xz  T_8.0, 8;
    %pushi/vec4 0, 0, 1;
    %assign/vec4 v0x5652cdaa6ac0_0, 0;
    %jmp T_8.1;
T_8.0 ;
    %load/vec4 v0x5652cdaa6870_0;
    %flag_set/vec4 8;
    %jmp/0xz  T_8.2, 8;
    %load/vec4 v0x5652cdaa69f0_0;
    %assign/vec4 v0x5652cdaa6ac0_0, 0;
T_8.2 ;
T_8.1 ;
    %jmp T_8;
    .thread T_8;
    .scope S_0x5652cdaa7d40;
T_9 ;
    %wait E_0x5652cda820c0;
    %load/vec4 v0x5652cdaa83a0_0;
    %flag_set/vec4 8;
    %jmp/0xz  T_9.0, 8;
    %pushi/vec4 0, 0, 1;
    %assign/vec4 v0x5652cdaa8300_0, 0;
    %jmp T_9.1;
T_9.0 ;
    %load/vec4 v0x5652cdaa80b0_0;
    %flag_set/vec4 8;
    %jmp/0xz  T_9.2, 8;
    %load/vec4 v0x5652cdaa8230_0;
    %assign/vec4 v0x5652cdaa8300_0, 0;
T_9.2 ;
T_9.1 ;
    %jmp T_9;
    .thread T_9;
    .scope S_0x5652cdaaa2b0;
T_10 ;
    %wait E_0x5652cda820c0;
    %load/vec4 v0x5652cdaaa900_0;
    %flag_set/vec4 8;
    %jmp/0xz  T_10.0, 8;
    %pushi/vec4 0, 0, 1;
    %assign/vec4 v0x5652cdaaa860_0, 0;
    %jmp T_10.1;
T_10.0 ;
    %load/vec4 v0x5652cdaaa5f0_0;
    %flag_set/vec4 8;
    %jmp/0xz  T_10.2, 8;
    %load/vec4 v0x5652cdaaa790_0;
    %assign/vec4 v0x5652cdaaa860_0, 0;
T_10.2 ;
T_10.1 ;
    %jmp T_10;
    .thread T_10;
    .scope S_0x5652cdaabc50;
T_11 ;
    %wait E_0x5652cda820c0;
    %load/vec4 v0x5652cdaac2b0_0;
    %flag_set/vec4 8;
    %jmp/0xz  T_11.0, 8;
    %pushi/vec4 0, 0, 1;
    %assign/vec4 v0x5652cdaac210_0, 0;
    %jmp T_11.1;
T_11.0 ;
    %load/vec4 v0x5652cdaabfa0_0;
    %flag_set/vec4 8;
    %jmp/0xz  T_11.2, 8;
    %load/vec4 v0x5652cdaac170_0;
    %assign/vec4 v0x5652cdaac210_0, 0;
T_11.2 ;
T_11.1 ;
    %jmp T_11;
    .thread T_11;
    .scope S_0x5652cdaad5f0;
T_12 ;
    %wait E_0x5652cda820c0;
    %load/vec4 v0x5652cdaadc30_0;
    %flag_set/vec4 8;
    %jmp/0xz  T_12.0, 8;
    %pushi/vec4 0, 0, 1;
    %assign/vec4 v0x5652cdaadb90_0, 0;
    %jmp T_12.1;
T_12.0 ;
    %load/vec4 v0x5652cdaad940_0;
    %flag_set/vec4 8;
    %jmp/0xz  T_12.2, 8;
    %load/vec4 v0x5652cdaadac0_0;
    %assign/vec4 v0x5652cdaadb90_0, 0;
T_12.2 ;
T_12.1 ;
    %jmp T_12;
    .thread T_12;
    .scope S_0x5652cdaaf340;
T_13 ;
    %wait E_0x5652cda820c0;
    %load/vec4 v0x5652cdaaf940_0;
    %flag_set/vec4 8;
    %jmp/0xz  T_13.0, 8;
    %pushi/vec4 0, 0, 1;
    %assign/vec4 v0x5652cdaaf8a0_0, 0;
    %jmp T_13.1;
T_13.0 ;
    %load/vec4 v0x5652cdaaf630_0;
    %flag_set/vec4 8;
    %jmp/0xz  T_13.2, 8;
    %load/vec4 v0x5652cdaaf7d0_0;
    %assign/vec4 v0x5652cdaaf8a0_0, 0;
T_13.2 ;
T_13.1 ;
    %jmp T_13;
    .thread T_13;
    .scope S_0x5652cda72200;
T_14 ;
    %pushi/vec4 0, 0, 1;
    %store/vec4 v0x5652cdab9370_0, 0, 1;
    %delay 500, 0;
    %pushi/vec4 1, 0, 1;
    %store/vec4 v0x5652cdab9370_0, 0, 1;
    %delay 500, 0;
    %jmp T_14;
    .thread T_14;
    .scope S_0x5652cda72200;
T_15 ;
    %vpi_call 2 30 "$dumpfile", "multiplicador_tb.vcd" {0 0 0};
    %vpi_call 2 31 "$dumpvars" {0 0 0};
    %delay 1000000, 0;
    %vpi_call 2 33 "$finish" {0 0 0};
    %end;
    .thread T_15;
    .scope S_0x5652cda72200;
T_16 ;
    %pushi/vec4 4, 0, 3;
    %store/vec4 v0x5652cdab95e0_0, 0, 3;
    %pushi/vec4 4, 0, 3;
    %store/vec4 v0x5652cdab94d0_0, 0, 3;
    %pushi/vec4 1, 0, 32;
    %store/vec4 v0x5652cdab9430_0, 0, 32;
    %end;
    .thread T_16;
    .scope S_0x5652cda72200;
T_17 ;
    %pushi/vec4 1, 0, 1;
    %store/vec4 v0x5652cdab9870_0, 0, 1;
    %delay 100, 0;
    %pushi/vec4 0, 0, 1;
    %store/vec4 v0x5652cdab9870_0, 0, 1;
    %end;
    .thread T_17;
    .scope S_0x5652cda72200;
T_18 ;
    %wait E_0x5652cd9ffb10;
    %load/vec4 v0x5652cdab94d0_0;
    %pad/s 6;
    %load/vec4 v0x5652cdab95e0_0;
    %pad/s 6;
    %mul;
    %store/vec4 v0x5652cdab97b0_0, 0, 6;
    %vpi_call 2 55 "$write", "%d x %d = %d", v0x5652cdab95e0_0, v0x5652cdab94d0_0, v0x5652cdab97b0_0 {0 0 0};
    %load/vec4 v0x5652cdab96f0_0;
    %load/vec4 v0x5652cdab97b0_0;
    %cmp/ne;
    %jmp/0xz  T_18.0, 6;
    %vpi_call 2 57 "$display", "\011ERROR    Obtenido=%b", v0x5652cdab96f0_0 {0 0 0};
    %jmp T_18.1;
T_18.0 ;
    %vpi_call 2 59 "$display", "\011CORRECTO Obtenido=%b", v0x5652cdab96f0_0 {0 0 0};
T_18.1 ;
    %delay 2000, 0;
    %load/vec4 v0x5652cdab9430_0;
    %cmpi/e 64, 0, 32;
    %jmp/0xz  T_18.2, 4;
    %vpi_call 2 63 "$finish" {0 0 0};
    %jmp T_18.3;
T_18.2 ;
    %load/vec4 v0x5652cdab9430_0;
    %addi 1, 0, 32;
    %store/vec4 v0x5652cdab9430_0, 0, 32;
    %load/vec4 v0x5652cdab94d0_0;
    %pad/s 33;
    %cmpi/e 3, 0, 33;
    %jmp/0xz  T_18.4, 4;
    %pushi/vec4 4, 0, 3;
    %store/vec4 v0x5652cdab94d0_0, 0, 3;
    %load/vec4 v0x5652cdab95e0_0;
    %addi 1, 0, 3;
    %store/vec4 v0x5652cdab95e0_0, 0, 3;
    %jmp T_18.5;
T_18.4 ;
    %load/vec4 v0x5652cdab94d0_0;
    %addi 1, 0, 3;
    %store/vec4 v0x5652cdab94d0_0, 0, 3;
T_18.5 ;
    %pushi/vec4 1, 0, 1;
    %store/vec4 v0x5652cdab9870_0, 0, 1;
    %delay 100, 0;
    %pushi/vec4 0, 0, 1;
    %store/vec4 v0x5652cdab9870_0, 0, 1;
T_18.3 ;
    %jmp T_18;
    .thread T_18;
# The file index is used to find the file name in the following table.
:file_names 7;
    "N/A";
    "<interactive>";
    "multiplicador_tb.vcd";
    "multiplicador.v";
    "cd.v";
    "componentes.v";
    "uc.v";
